{"/Users/javier/Desktop/React/hogar-ancianos/src/AdminPanel.js": {"path":"/Users/javier/Desktop/React/hogar-ancianos/src/AdminPanel.js","statementMap":{"0":{"start":{"line":5,"column":14},"end":{"line":16,"column":1}},"1":{"start":{"line":6,"column":16},"end":{"line":9,"column":3}},"2":{"start":{"line":11,"column":2},"end":{"line":15,"column":4}},"3":{"start":{"line":19,"column":20},"end":{"line":27,"column":1}},"4":{"start":{"line":20,"column":2},"end":{"line":26,"column":8}},"5":{"start":{"line":29,"column":19},"end":{"line":1392,"column":1}},"6":{"start":{"line":30,"column":40},"end":{"line":30,"column":59}},"7":{"start":{"line":31,"column":34},"end":{"line":31,"column":46}},"8":{"start":{"line":32,"column":28},"end":{"line":32,"column":40}},"9":{"start":{"line":33,"column":48},"end":{"line":33,"column":62}},"10":{"start":{"line":34,"column":40},"end":{"line":34,"column":55}},"11":{"start":{"line":35,"column":30},"end":{"line":35,"column":42}},"12":{"start":{"line":36,"column":34},"end":{"line":36,"column":49}},"13":{"start":{"line":38,"column":23},"end":{"line":48,"column":3}},"14":{"start":{"line":39,"column":22},"end":{"line":39,"column":24}},"15":{"start":{"line":40,"column":4},"end":{"line":40,"column":77}},"16":{"start":{"line":40,"column":33},"end":{"line":40,"column":77}},"17":{"start":{"line":41,"column":4},"end":{"line":41,"column":83}},"18":{"start":{"line":41,"column":35},"end":{"line":41,"column":83}},"19":{"start":{"line":42,"column":4},"end":{"line":42,"column":101}},"20":{"start":{"line":42,"column":35},"end":{"line":42,"column":101}},"21":{"start":{"line":43,"column":4},"end":{"line":43,"column":68}},"22":{"start":{"line":43,"column":30},"end":{"line":43,"column":68}},"23":{"start":{"line":44,"column":4},"end":{"line":44,"column":117}},"24":{"start":{"line":44,"column":45},"end":{"line":44,"column":117}},"25":{"start":{"line":45,"column":4},"end":{"line":45,"column":117}},"26":{"start":{"line":45,"column":45},"end":{"line":45,"column":117}},"27":{"start":{"line":46,"column":4},"end":{"line":46,"column":70}},"28":{"start":{"line":46,"column":26},"end":{"line":46,"column":70}},"29":{"start":{"line":47,"column":4},"end":{"line":47,"column":21}},"30":{"start":{"line":56,"column":25},"end":{"line":283,"column":3}},"31":{"start":{"line":57,"column":36},"end":{"line":65,"column":6}},"32":{"start":{"line":68,"column":23},"end":{"line":100,"column":5}},"33":{"start":{"line":70,"column":24},"end":{"line":70,"column":48}},"34":{"start":{"line":73,"column":17},"end":{"line":73,"column":69}},"35":{"start":{"line":76,"column":26},"end":{"line":76,"column":62}},"36":{"start":{"line":79,"column":6},"end":{"line":79,"column":43}},"37":{"start":{"line":79,"column":30},"end":{"line":79,"column":43}},"38":{"start":{"line":82,"column":25},"end":{"line":96,"column":7}},"39":{"start":{"line":83,"column":19},"end":{"line":83,"column":20}},"40":{"start":{"line":84,"column":28},"end":{"line":84,"column":29}},"41":{"start":{"line":85,"column":25},"end":{"line":85,"column":67}},"42":{"start":{"line":87,"column":8},"end":{"line":90,"column":9}},"43":{"start":{"line":88,"column":10},"end":{"line":88,"column":50}},"44":{"start":{"line":89,"column":10},"end":{"line":89,"column":70}},"45":{"start":{"line":92,"column":26},"end":{"line":92,"column":42}},"46":{"start":{"line":93,"column":8},"end":{"line":93,"column":41}},"47":{"start":{"line":93,"column":30},"end":{"line":93,"column":41}},"48":{"start":{"line":94,"column":8},"end":{"line":94,"column":41}},"49":{"start":{"line":94,"column":30},"end":{"line":94,"column":41}},"50":{"start":{"line":95,"column":8},"end":{"line":95,"column":36}},"51":{"start":{"line":99,"column":6},"end":{"line":99,"column":44}},"52":{"start":{"line":103,"column":25},"end":{"line":123,"column":5}},"53":{"start":{"line":105,"column":24},"end":{"line":105,"column":48}},"54":{"start":{"line":107,"column":6},"end":{"line":107,"column":49}},"55":{"start":{"line":107,"column":32},"end":{"line":107,"column":49}},"56":{"start":{"line":110,"column":21},"end":{"line":110,"column":43}},"57":{"start":{"line":111,"column":17},"end":{"line":111,"column":36}},"58":{"start":{"line":114,"column":26},"end":{"line":114,"column":28}},"59":{"start":{"line":115,"column":6},"end":{"line":120,"column":7}},"60":{"start":{"line":115,"column":19},"end":{"line":115,"column":36}},"61":{"start":{"line":115,"column":42},"end":{"line":115,"column":43}},"62":{"start":{"line":116,"column":8},"end":{"line":116,"column":57}},"63":{"start":{"line":117,"column":8},"end":{"line":119,"column":9}},"64":{"start":{"line":118,"column":10},"end":{"line":118,"column":46}},"65":{"start":{"line":122,"column":6},"end":{"line":122,"column":38}},"66":{"start":{"line":125,"column":25},"end":{"line":146,"column":5}},"67":{"start":{"line":126,"column":6},"end":{"line":126,"column":25}},"68":{"start":{"line":127,"column":24},"end":{"line":127,"column":46}},"69":{"start":{"line":129,"column":6},"end":{"line":145,"column":7}},"70":{"start":{"line":130,"column":8},"end":{"line":130,"column":86}},"71":{"start":{"line":131,"column":8},"end":{"line":139,"column":11}},"72":{"start":{"line":140,"column":8},"end":{"line":140,"column":29}},"73":{"start":{"line":141,"column":8},"end":{"line":141,"column":22}},"74":{"start":{"line":142,"column":8},"end":{"line":142,"column":54}},"75":{"start":{"line":142,"column":25},"end":{"line":142,"column":46}},"76":{"start":{"line":144,"column":8},"end":{"line":144,"column":29}},"77":{"start":{"line":148,"column":25},"end":{"line":162,"column":5}},"78":{"start":{"line":149,"column":24},"end":{"line":149,"column":26}},"79":{"start":{"line":150,"column":6},"end":{"line":150,"column":79}},"80":{"start":{"line":150,"column":35},"end":{"line":150,"column":79}},"81":{"start":{"line":151,"column":6},"end":{"line":151,"column":85}},"82":{"start":{"line":151,"column":37},"end":{"line":151,"column":85}},"83":{"start":{"line":152,"column":6},"end":{"line":152,"column":103}},"84":{"start":{"line":152,"column":37},"end":{"line":152,"column":103}},"85":{"start":{"line":153,"column":6},"end":{"line":157,"column":7}},"86":{"start":{"line":154,"column":8},"end":{"line":154,"column":46}},"87":{"start":{"line":155,"column":13},"end":{"line":157,"column":7}},"88":{"start":{"line":156,"column":8},"end":{"line":156,"column":56}},"89":{"start":{"line":158,"column":6},"end":{"line":158,"column":119}},"90":{"start":{"line":158,"column":47},"end":{"line":158,"column":119}},"91":{"start":{"line":159,"column":6},"end":{"line":159,"column":119}},"92":{"start":{"line":159,"column":47},"end":{"line":159,"column":119}},"93":{"start":{"line":160,"column":6},"end":{"line":160,"column":72}},"94":{"start":{"line":160,"column":28},"end":{"line":160,"column":72}},"95":{"start":{"line":161,"column":6},"end":{"line":161,"column":23}},"96":{"start":{"line":165,"column":28},"end":{"line":176,"column":5}},"97":{"start":{"line":166,"column":16},"end":{"line":166,"column":30}},"98":{"start":{"line":168,"column":6},"end":{"line":168,"column":43}},"99":{"start":{"line":171,"column":6},"end":{"line":173,"column":7}},"100":{"start":{"line":172,"column":8},"end":{"line":172,"column":32}},"101":{"start":{"line":175,"column":6},"end":{"line":175,"column":43}},"102":{"start":{"line":178,"column":4},"end":{"line":282,"column":6}},"103":{"start":{"line":196,"column":33},"end":{"line":196,"column":83}},"104":{"start":{"line":207,"column":33},"end":{"line":207,"column":85}},"105":{"start":{"line":231,"column":33},"end":{"line":231,"column":92}},"106":{"start":{"line":242,"column":33},"end":{"line":242,"column":95}},"107":{"start":{"line":253,"column":33},"end":{"line":253,"column":95}},"108":{"start":{"line":263,"column":33},"end":{"line":263,"column":83}},"109":{"start":{"line":286,"column":30},"end":{"line":600,"column":3}},"110":{"start":{"line":287,"column":36},"end":{"line":294,"column":6}},"111":{"start":{"line":295,"column":32},"end":{"line":295,"column":44}},"112":{"start":{"line":296,"column":44},"end":{"line":296,"column":58}},"113":{"start":{"line":297,"column":42},"end":{"line":297,"column":57}},"114":{"start":{"line":300,"column":23},"end":{"line":332,"column":5}},"115":{"start":{"line":302,"column":24},"end":{"line":302,"column":48}},"116":{"start":{"line":305,"column":17},"end":{"line":305,"column":69}},"117":{"start":{"line":308,"column":26},"end":{"line":308,"column":62}},"118":{"start":{"line":311,"column":6},"end":{"line":311,"column":43}},"119":{"start":{"line":311,"column":30},"end":{"line":311,"column":43}},"120":{"start":{"line":314,"column":25},"end":{"line":328,"column":7}},"121":{"start":{"line":315,"column":19},"end":{"line":315,"column":20}},"122":{"start":{"line":316,"column":28},"end":{"line":316,"column":29}},"123":{"start":{"line":317,"column":25},"end":{"line":317,"column":67}},"124":{"start":{"line":319,"column":8},"end":{"line":322,"column":9}},"125":{"start":{"line":320,"column":10},"end":{"line":320,"column":50}},"126":{"start":{"line":321,"column":10},"end":{"line":321,"column":70}},"127":{"start":{"line":324,"column":26},"end":{"line":324,"column":42}},"128":{"start":{"line":325,"column":8},"end":{"line":325,"column":41}},"129":{"start":{"line":325,"column":30},"end":{"line":325,"column":41}},"130":{"start":{"line":326,"column":8},"end":{"line":326,"column":41}},"131":{"start":{"line":326,"column":30},"end":{"line":326,"column":41}},"132":{"start":{"line":327,"column":8},"end":{"line":327,"column":36}},"133":{"start":{"line":331,"column":6},"end":{"line":331,"column":44}},"134":{"start":{"line":335,"column":25},"end":{"line":355,"column":5}},"135":{"start":{"line":337,"column":24},"end":{"line":337,"column":48}},"136":{"start":{"line":339,"column":6},"end":{"line":339,"column":49}},"137":{"start":{"line":339,"column":32},"end":{"line":339,"column":49}},"138":{"start":{"line":342,"column":21},"end":{"line":342,"column":43}},"139":{"start":{"line":343,"column":17},"end":{"line":343,"column":36}},"140":{"start":{"line":346,"column":26},"end":{"line":346,"column":28}},"141":{"start":{"line":347,"column":6},"end":{"line":352,"column":7}},"142":{"start":{"line":347,"column":19},"end":{"line":347,"column":36}},"143":{"start":{"line":347,"column":42},"end":{"line":347,"column":43}},"144":{"start":{"line":348,"column":8},"end":{"line":348,"column":57}},"145":{"start":{"line":349,"column":8},"end":{"line":351,"column":9}},"146":{"start":{"line":350,"column":10},"end":{"line":350,"column":46}},"147":{"start":{"line":354,"column":6},"end":{"line":354,"column":38}},"148":{"start":{"line":358,"column":28},"end":{"line":361,"column":5}},"149":{"start":{"line":359,"column":28},"end":{"line":359,"column":42}},"150":{"start":{"line":360,"column":6},"end":{"line":360,"column":42}},"151":{"start":{"line":364,"column":26},"end":{"line":367,"column":5}},"152":{"start":{"line":365,"column":26},"end":{"line":365,"column":54}},"153":{"start":{"line":366,"column":6},"end":{"line":366,"column":38}},"154":{"start":{"line":369,"column":25},"end":{"line":391,"column":5}},"155":{"start":{"line":370,"column":24},"end":{"line":370,"column":26}},"156":{"start":{"line":371,"column":6},"end":{"line":371,"column":75}},"157":{"start":{"line":371,"column":31},"end":{"line":371,"column":75}},"158":{"start":{"line":372,"column":6},"end":{"line":372,"column":81}},"159":{"start":{"line":372,"column":33},"end":{"line":372,"column":81}},"160":{"start":{"line":373,"column":6},"end":{"line":377,"column":7}},"161":{"start":{"line":374,"column":8},"end":{"line":374,"column":46}},"162":{"start":{"line":375,"column":13},"end":{"line":377,"column":7}},"163":{"start":{"line":376,"column":8},"end":{"line":376,"column":56}},"164":{"start":{"line":378,"column":6},"end":{"line":382,"column":7}},"165":{"start":{"line":379,"column":8},"end":{"line":379,"column":52}},"166":{"start":{"line":380,"column":13},"end":{"line":382,"column":7}},"167":{"start":{"line":381,"column":8},"end":{"line":381,"column":52}},"168":{"start":{"line":383,"column":6},"end":{"line":387,"column":7}},"169":{"start":{"line":384,"column":8},"end":{"line":384,"column":56}},"170":{"start":{"line":385,"column":13},"end":{"line":387,"column":7}},"171":{"start":{"line":386,"column":8},"end":{"line":386,"column":75}},"172":{"start":{"line":388,"column":6},"end":{"line":388,"column":59}},"173":{"start":{"line":388,"column":21},"end":{"line":388,"column":59}},"174":{"start":{"line":390,"column":6},"end":{"line":390,"column":23}},"175":{"start":{"line":393,"column":25},"end":{"line":419,"column":5}},"176":{"start":{"line":394,"column":6},"end":{"line":394,"column":25}},"177":{"start":{"line":395,"column":24},"end":{"line":395,"column":46}},"178":{"start":{"line":397,"column":6},"end":{"line":418,"column":7}},"179":{"start":{"line":398,"column":8},"end":{"line":405,"column":9}},"180":{"start":{"line":400,"column":10},"end":{"line":400,"column":91}},"181":{"start":{"line":400,"column":34},"end":{"line":400,"column":88}},"182":{"start":{"line":401,"column":10},"end":{"line":401,"column":32}},"183":{"start":{"line":404,"column":10},"end":{"line":404,"column":64}},"184":{"start":{"line":406,"column":8},"end":{"line":413,"column":11}},"185":{"start":{"line":414,"column":8},"end":{"line":414,"column":29}},"186":{"start":{"line":415,"column":8},"end":{"line":415,"column":54}},"187":{"start":{"line":415,"column":25},"end":{"line":415,"column":46}},"188":{"start":{"line":417,"column":8},"end":{"line":417,"column":29}},"189":{"start":{"line":421,"column":4},"end":{"line":599,"column":6}},"190":{"start":{"line":445,"column":35},"end":{"line":445,"column":85}},"191":{"start":{"line":456,"column":35},"end":{"line":456,"column":87}},"192":{"start":{"line":468,"column":30},"end":{"line":468,"column":44}},"193":{"start":{"line":469,"column":20},"end":{"line":469,"column":57}},"194":{"start":{"line":470,"column":20},"end":{"line":472,"column":21}},"195":{"start":{"line":471,"column":22},"end":{"line":471,"column":46}},"196":{"start":{"line":473,"column":20},"end":{"line":473,"column":57}},"197":{"start":{"line":487,"column":35},"end":{"line":487,"column":85}},"198":{"start":{"line":498,"column":35},"end":{"line":498,"column":87}},"199":{"start":{"line":509,"column":35},"end":{"line":509,"column":82}},"200":{"start":{"line":525,"column":20},"end":{"line":525,"column":42}},"201":{"start":{"line":526,"column":20},"end":{"line":533,"column":23}},"202":{"start":{"line":534,"column":20},"end":{"line":534,"column":34}},"203":{"start":{"line":559,"column":16},"end":{"line":593,"column":22}},"204":{"start":{"line":574,"column":24},"end":{"line":574,"column":48}},"205":{"start":{"line":575,"column":24},"end":{"line":575,"column":44}},"206":{"start":{"line":576,"column":24},"end":{"line":576,"column":46}},"207":{"start":{"line":584,"column":24},"end":{"line":586,"column":25}},"208":{"start":{"line":585,"column":26},"end":{"line":585,"column":74}},"209":{"start":{"line":585,"column":53},"end":{"line":585,"column":71}},"210":{"start":{"line":603,"column":29},"end":{"line":825,"column":1}},"211":{"start":{"line":604,"column":46},"end":{"line":611,"column":4}},"212":{"start":{"line":612,"column":30},"end":{"line":612,"column":42}},"213":{"start":{"line":613,"column":40},"end":{"line":613,"column":55}},"214":{"start":{"line":616,"column":26},"end":{"line":619,"column":3}},"215":{"start":{"line":617,"column":26},"end":{"line":617,"column":40}},"216":{"start":{"line":618,"column":4},"end":{"line":618,"column":40}},"217":{"start":{"line":621,"column":23},"end":{"line":635,"column":3}},"218":{"start":{"line":622,"column":22},"end":{"line":622,"column":24}},"219":{"start":{"line":623,"column":4},"end":{"line":623,"column":80}},"220":{"start":{"line":623,"column":26},"end":{"line":623,"column":80}},"221":{"start":{"line":624,"column":4},"end":{"line":624,"column":63}},"222":{"start":{"line":624,"column":21},"end":{"line":624,"column":63}},"223":{"start":{"line":625,"column":4},"end":{"line":625,"column":60}},"224":{"start":{"line":625,"column":20},"end":{"line":625,"column":60}},"225":{"start":{"line":626,"column":4},"end":{"line":633,"column":5}},"226":{"start":{"line":627,"column":6},"end":{"line":627,"column":94}},"227":{"start":{"line":627,"column":29},"end":{"line":627,"column":94}},"228":{"start":{"line":628,"column":6},"end":{"line":632,"column":7}},"229":{"start":{"line":629,"column":8},"end":{"line":629,"column":56}},"230":{"start":{"line":630,"column":13},"end":{"line":632,"column":7}},"231":{"start":{"line":631,"column":8},"end":{"line":631,"column":75}},"232":{"start":{"line":634,"column":4},"end":{"line":634,"column":21}},"233":{"start":{"line":637,"column":23},"end":{"line":673,"column":3}},"234":{"start":{"line":638,"column":4},"end":{"line":638,"column":23}},"235":{"start":{"line":639,"column":22},"end":{"line":639,"column":50}},"236":{"start":{"line":641,"column":4},"end":{"line":672,"column":5}},"237":{"start":{"line":643,"column":23},"end":{"line":643,"column":77}},"238":{"start":{"line":643,"column":42},"end":{"line":643,"column":76}},"239":{"start":{"line":645,"column":6},"end":{"line":648,"column":7}},"240":{"start":{"line":646,"column":8},"end":{"line":646,"column":40}},"241":{"start":{"line":647,"column":8},"end":{"line":647,"column":15}},"242":{"start":{"line":651,"column":29},"end":{"line":657,"column":7}},"243":{"start":{"line":659,"column":6},"end":{"line":659,"column":80}},"244":{"start":{"line":659,"column":36},"end":{"line":659,"column":77}},"245":{"start":{"line":660,"column":6},"end":{"line":667,"column":9}},"246":{"start":{"line":668,"column":6},"end":{"line":668,"column":27}},"247":{"start":{"line":669,"column":6},"end":{"line":669,"column":52}},"248":{"start":{"line":669,"column":23},"end":{"line":669,"column":44}},"249":{"start":{"line":671,"column":6},"end":{"line":671,"column":27}},"250":{"start":{"line":675,"column":2},"end":{"line":824,"column":4}},"251":{"start":{"line":698,"column":19},"end":{"line":698,"column":95}},"252":{"start":{"line":702,"column":4},"end":{"line":704,"column":13}},"253":{"start":{"line":715,"column":35},"end":{"line":715,"column":95}},"254":{"start":{"line":728,"column":35},"end":{"line":728,"column":96}},"255":{"start":{"line":739,"column":35},"end":{"line":739,"column":95}},"256":{"start":{"line":752,"column":39},"end":{"line":752,"column":106}},"257":{"start":{"line":764,"column":39},"end":{"line":764,"column":103}},"258":{"start":{"line":785,"column":34},"end":{"line":785,"column":68}},"259":{"start":{"line":788,"column":31},"end":{"line":788,"column":65}},"260":{"start":{"line":790,"column":36},"end":{"line":790,"column":103}},"261":{"start":{"line":792,"column":22},"end":{"line":813,"column":28}},"262":{"start":{"line":829,"column":26},"end":{"line":886,"column":3}},"263":{"start":{"line":830,"column":4},"end":{"line":885,"column":6}},"264":{"start":{"line":840,"column":14},"end":{"line":880,"column":20}},"265":{"start":{"line":849,"column":22},"end":{"line":849,"column":50}},"266":{"start":{"line":850,"column":22},"end":{"line":850,"column":54}},"267":{"start":{"line":859,"column":22},"end":{"line":859,"column":50}},"268":{"start":{"line":860,"column":22},"end":{"line":860,"column":40}},"269":{"start":{"line":861,"column":22},"end":{"line":861,"column":51}},"270":{"start":{"line":870,"column":22},"end":{"line":872,"column":23}},"271":{"start":{"line":871,"column":24},"end":{"line":871,"column":79}},"272":{"start":{"line":871,"column":57},"end":{"line":871,"column":76}},"273":{"start":{"line":889,"column":26},"end":{"line":1315,"column":1}},"274":{"start":{"line":890,"column":30},"end":{"line":890,"column":81}},"275":{"start":{"line":891,"column":38},"end":{"line":891,"column":95}},"276":{"start":{"line":892,"column":44},"end":{"line":892,"column":104}},"277":{"start":{"line":893,"column":42},"end":{"line":893,"column":91}},"278":{"start":{"line":895,"column":2},"end":{"line":895,"column":36}},"279":{"start":{"line":895,"column":24},"end":{"line":895,"column":36}},"280":{"start":{"line":898,"column":25},"end":{"line":911,"column":3}},"281":{"start":{"line":899,"column":4},"end":{"line":902,"column":5}},"282":{"start":{"line":900,"column":6},"end":{"line":900,"column":67}},"283":{"start":{"line":901,"column":6},"end":{"line":901,"column":13}},"284":{"start":{"line":904,"column":27},"end":{"line":907,"column":5}},"285":{"start":{"line":908,"column":4},"end":{"line":908,"column":39}},"286":{"start":{"line":909,"column":4},"end":{"line":909,"column":85}},"287":{"start":{"line":909,"column":34},"end":{"line":909,"column":82}},"288":{"start":{"line":910,"column":4},"end":{"line":910,"column":57}},"289":{"start":{"line":914,"column":21},"end":{"line":927,"column":3}},"290":{"start":{"line":915,"column":4},"end":{"line":918,"column":5}},"291":{"start":{"line":916,"column":6},"end":{"line":916,"column":70}},"292":{"start":{"line":917,"column":6},"end":{"line":917,"column":13}},"293":{"start":{"line":920,"column":27},"end":{"line":923,"column":5}},"294":{"start":{"line":924,"column":4},"end":{"line":924,"column":39}},"295":{"start":{"line":925,"column":4},"end":{"line":925,"column":85}},"296":{"start":{"line":925,"column":34},"end":{"line":925,"column":82}},"297":{"start":{"line":926,"column":4},"end":{"line":926,"column":67}},"298":{"start":{"line":930,"column":24},"end":{"line":943,"column":3}},"299":{"start":{"line":931,"column":4},"end":{"line":934,"column":5}},"300":{"start":{"line":932,"column":6},"end":{"line":932,"column":73}},"301":{"start":{"line":933,"column":6},"end":{"line":933,"column":13}},"302":{"start":{"line":936,"column":27},"end":{"line":939,"column":5}},"303":{"start":{"line":940,"column":4},"end":{"line":940,"column":39}},"304":{"start":{"line":941,"column":4},"end":{"line":941,"column":85}},"305":{"start":{"line":941,"column":34},"end":{"line":941,"column":82}},"306":{"start":{"line":942,"column":4},"end":{"line":942,"column":73}},"307":{"start":{"line":946,"column":23},"end":{"line":959,"column":3}},"308":{"start":{"line":947,"column":4},"end":{"line":950,"column":5}},"309":{"start":{"line":948,"column":6},"end":{"line":948,"column":72}},"310":{"start":{"line":949,"column":6},"end":{"line":949,"column":13}},"311":{"start":{"line":952,"column":27},"end":{"line":955,"column":5}},"312":{"start":{"line":956,"column":4},"end":{"line":956,"column":39}},"313":{"start":{"line":957,"column":4},"end":{"line":957,"column":85}},"314":{"start":{"line":957,"column":34},"end":{"line":957,"column":82}},"315":{"start":{"line":958,"column":4},"end":{"line":958,"column":61}},"316":{"start":{"line":962,"column":21},"end":{"line":971,"column":3}},"317":{"start":{"line":963,"column":4},"end":{"line":970,"column":5}},"318":{"start":{"line":964,"column":29},"end":{"line":967,"column":7}},"319":{"start":{"line":966,"column":61},"end":{"line":966,"column":79}},"320":{"start":{"line":968,"column":6},"end":{"line":968,"column":41}},"321":{"start":{"line":969,"column":6},"end":{"line":969,"column":87}},"322":{"start":{"line":969,"column":36},"end":{"line":969,"column":84}},"323":{"start":{"line":973,"column":2},"end":{"line":1314,"column":4}},"324":{"start":{"line":981,"column":25},"end":{"line":981,"column":54}},"325":{"start":{"line":1015,"column":29},"end":{"line":1015,"column":83}},"326":{"start":{"line":1021,"column":29},"end":{"line":1021,"column":85}},"327":{"start":{"line":1026,"column":29},"end":{"line":1026,"column":86}},"328":{"start":{"line":1045,"column":14},"end":{"line":1063,"column":20}},"329":{"start":{"line":1058,"column":33},"end":{"line":1058,"column":67}},"330":{"start":{"line":1077,"column":29},"end":{"line":1077,"column":89}},"331":{"start":{"line":1084,"column":29},"end":{"line":1084,"column":96}},"332":{"start":{"line":1090,"column":29},"end":{"line":1090,"column":94}},"333":{"start":{"line":1105,"column":14},"end":{"line":1119,"column":20}},"334":{"start":{"line":1114,"column":33},"end":{"line":1114,"column":74}},"335":{"start":{"line":1133,"column":29},"end":{"line":1133,"column":87}},"336":{"start":{"line":1139,"column":29},"end":{"line":1139,"column":89}},"337":{"start":{"line":1146,"column":29},"end":{"line":1146,"column":86}},"338":{"start":{"line":1161,"column":14},"end":{"line":1175,"column":20}},"339":{"start":{"line":1170,"column":33},"end":{"line":1170,"column":71}},"340":{"start":{"line":1188,"column":29},"end":{"line":1188,"column":75}},"341":{"start":{"line":1194,"column":29},"end":{"line":1194,"column":74}},"342":{"start":{"line":1199,"column":29},"end":{"line":1199,"column":79}},"343":{"start":{"line":1222,"column":31},"end":{"line":1222,"column":81}},"344":{"start":{"line":1233,"column":16},"end":{"line":1266,"column":22}},"345":{"start":{"line":1249,"column":26},"end":{"line":1249,"column":41}},"346":{"start":{"line":1258,"column":39},"end":{"line":1258,"column":73}},"347":{"start":{"line":1287,"column":43},"end":{"line":1293,"column":20}},"348":{"start":{"line":1289,"column":39},"end":{"line":1289,"column":63}},"349":{"start":{"line":1290,"column":36},"end":{"line":1290,"column":50}},"350":{"start":{"line":1292,"column":20},"end":{"line":1292,"column":32}},"351":{"start":{"line":1295,"column":18},"end":{"line":1306,"column":20}},"352":{"start":{"line":1300,"column":26},"end":{"line":1302,"column":32}},"353":{"start":{"line":1316,"column":4},"end":{"line":1391,"column":4}},"354":{"start":{"line":1324,"column":16},"end":{"line":1324,"column":42}},"355":{"start":{"line":1325,"column":16},"end":{"line":1325,"column":41}},"356":{"start":{"line":1326,"column":16},"end":{"line":1326,"column":35}},"357":{"start":{"line":1335,"column":16},"end":{"line":1335,"column":45}},"358":{"start":{"line":1336,"column":16},"end":{"line":1336,"column":41}},"359":{"start":{"line":1337,"column":16},"end":{"line":1337,"column":35}},"360":{"start":{"line":1346,"column":16},"end":{"line":1346,"column":46}},"361":{"start":{"line":1347,"column":16},"end":{"line":1347,"column":41}},"362":{"start":{"line":1348,"column":16},"end":{"line":1348,"column":35}},"363":{"start":{"line":1358,"column":16},"end":{"line":1358,"column":40}},"364":{"start":{"line":1359,"column":16},"end":{"line":1359,"column":41}},"365":{"start":{"line":1360,"column":16},"end":{"line":1360,"column":35}},"366":{"start":{"line":1369,"column":6},"end":{"line":1369,"column":34}},"367":{"start":{"line":1370,"column":6},"end":{"line":1370,"column":31}},"368":{"start":{"line":1371,"column":6},"end":{"line":1371,"column":25}}},"fnMap":{"0":{"name":"(anonymous_0)","decl":{"start":{"line":5,"column":14},"end":{"line":5,"column":15}},"loc":{"start":{"line":5,"column":38},"end":{"line":16,"column":1}},"line":5},"1":{"name":"(anonymous_1)","decl":{"start":{"line":19,"column":20},"end":{"line":19,"column":21}},"loc":{"start":{"line":20,"column":2},"end":{"line":26,"column":8}},"line":20},"2":{"name":"(anonymous_2)","decl":{"start":{"line":29,"column":19},"end":{"line":29,"column":20}},"loc":{"start":{"line":29,"column":25},"end":{"line":1392,"column":1}},"line":29},"3":{"name":"(anonymous_3)","decl":{"start":{"line":38,"column":23},"end":{"line":38,"column":24}},"loc":{"start":{"line":38,"column":37},"end":{"line":48,"column":3}},"line":38},"4":{"name":"(anonymous_4)","decl":{"start":{"line":56,"column":25},"end":{"line":56,"column":26}},"loc":{"start":{"line":56,"column":31},"end":{"line":283,"column":3}},"line":56},"5":{"name":"(anonymous_5)","decl":{"start":{"line":68,"column":23},"end":{"line":68,"column":24}},"loc":{"start":{"line":68,"column":32},"end":{"line":100,"column":5}},"line":68},"6":{"name":"(anonymous_6)","decl":{"start":{"line":82,"column":25},"end":{"line":82,"column":26}},"loc":{"start":{"line":82,"column":42},"end":{"line":96,"column":7}},"line":82},"7":{"name":"(anonymous_7)","decl":{"start":{"line":103,"column":25},"end":{"line":103,"column":26}},"loc":{"start":{"line":103,"column":34},"end":{"line":123,"column":5}},"line":103},"8":{"name":"(anonymous_8)","decl":{"start":{"line":125,"column":25},"end":{"line":125,"column":26}},"loc":{"start":{"line":125,"column":32},"end":{"line":146,"column":5}},"line":125},"9":{"name":"(anonymous_9)","decl":{"start":{"line":142,"column":19},"end":{"line":142,"column":20}},"loc":{"start":{"line":142,"column":25},"end":{"line":142,"column":46}},"line":142},"10":{"name":"(anonymous_10)","decl":{"start":{"line":148,"column":25},"end":{"line":148,"column":26}},"loc":{"start":{"line":148,"column":39},"end":{"line":162,"column":5}},"line":148},"11":{"name":"(anonymous_11)","decl":{"start":{"line":165,"column":28},"end":{"line":165,"column":29}},"loc":{"start":{"line":165,"column":35},"end":{"line":176,"column":5}},"line":165},"12":{"name":"(anonymous_12)","decl":{"start":{"line":196,"column":26},"end":{"line":196,"column":27}},"loc":{"start":{"line":196,"column":33},"end":{"line":196,"column":83}},"line":196},"13":{"name":"(anonymous_13)","decl":{"start":{"line":207,"column":26},"end":{"line":207,"column":27}},"loc":{"start":{"line":207,"column":33},"end":{"line":207,"column":85}},"line":207},"14":{"name":"(anonymous_14)","decl":{"start":{"line":231,"column":26},"end":{"line":231,"column":27}},"loc":{"start":{"line":231,"column":33},"end":{"line":231,"column":92}},"line":231},"15":{"name":"(anonymous_15)","decl":{"start":{"line":242,"column":26},"end":{"line":242,"column":27}},"loc":{"start":{"line":242,"column":33},"end":{"line":242,"column":95}},"line":242},"16":{"name":"(anonymous_16)","decl":{"start":{"line":253,"column":26},"end":{"line":253,"column":27}},"loc":{"start":{"line":253,"column":33},"end":{"line":253,"column":95}},"line":253},"17":{"name":"(anonymous_17)","decl":{"start":{"line":263,"column":26},"end":{"line":263,"column":27}},"loc":{"start":{"line":263,"column":33},"end":{"line":263,"column":83}},"line":263},"18":{"name":"(anonymous_18)","decl":{"start":{"line":286,"column":30},"end":{"line":286,"column":31}},"loc":{"start":{"line":286,"column":36},"end":{"line":600,"column":3}},"line":286},"19":{"name":"(anonymous_19)","decl":{"start":{"line":300,"column":23},"end":{"line":300,"column":24}},"loc":{"start":{"line":300,"column":32},"end":{"line":332,"column":5}},"line":300},"20":{"name":"(anonymous_20)","decl":{"start":{"line":314,"column":25},"end":{"line":314,"column":26}},"loc":{"start":{"line":314,"column":42},"end":{"line":328,"column":7}},"line":314},"21":{"name":"(anonymous_21)","decl":{"start":{"line":335,"column":25},"end":{"line":335,"column":26}},"loc":{"start":{"line":335,"column":34},"end":{"line":355,"column":5}},"line":335},"22":{"name":"(anonymous_22)","decl":{"start":{"line":358,"column":28},"end":{"line":358,"column":29}},"loc":{"start":{"line":358,"column":42},"end":{"line":361,"column":5}},"line":358},"23":{"name":"(anonymous_23)","decl":{"start":{"line":364,"column":26},"end":{"line":364,"column":27}},"loc":{"start":{"line":364,"column":38},"end":{"line":367,"column":5}},"line":364},"24":{"name":"(anonymous_24)","decl":{"start":{"line":369,"column":25},"end":{"line":369,"column":26}},"loc":{"start":{"line":369,"column":35},"end":{"line":391,"column":5}},"line":369},"25":{"name":"(anonymous_25)","decl":{"start":{"line":393,"column":25},"end":{"line":393,"column":26}},"loc":{"start":{"line":393,"column":32},"end":{"line":419,"column":5}},"line":393},"26":{"name":"(anonymous_26)","decl":{"start":{"line":400,"column":29},"end":{"line":400,"column":30}},"loc":{"start":{"line":400,"column":34},"end":{"line":400,"column":88}},"line":400},"27":{"name":"(anonymous_27)","decl":{"start":{"line":415,"column":19},"end":{"line":415,"column":20}},"loc":{"start":{"line":415,"column":25},"end":{"line":415,"column":46}},"line":415},"28":{"name":"(anonymous_28)","decl":{"start":{"line":445,"column":28},"end":{"line":445,"column":29}},"loc":{"start":{"line":445,"column":35},"end":{"line":445,"column":85}},"line":445},"29":{"name":"(anonymous_29)","decl":{"start":{"line":456,"column":28},"end":{"line":456,"column":29}},"loc":{"start":{"line":456,"column":35},"end":{"line":456,"column":87}},"line":456},"30":{"name":"(anonymous_30)","decl":{"start":{"line":467,"column":28},"end":{"line":467,"column":29}},"loc":{"start":{"line":467,"column":35},"end":{"line":474,"column":19}},"line":467},"31":{"name":"(anonymous_31)","decl":{"start":{"line":487,"column":28},"end":{"line":487,"column":29}},"loc":{"start":{"line":487,"column":35},"end":{"line":487,"column":85}},"line":487},"32":{"name":"(anonymous_32)","decl":{"start":{"line":498,"column":28},"end":{"line":498,"column":29}},"loc":{"start":{"line":498,"column":35},"end":{"line":498,"column":87}},"line":498},"33":{"name":"(anonymous_33)","decl":{"start":{"line":509,"column":28},"end":{"line":509,"column":29}},"loc":{"start":{"line":509,"column":35},"end":{"line":509,"column":82}},"line":509},"34":{"name":"(anonymous_34)","decl":{"start":{"line":524,"column":27},"end":{"line":524,"column":28}},"loc":{"start":{"line":524,"column":33},"end":{"line":535,"column":19}},"line":524},"35":{"name":"(anonymous_35)","decl":{"start":{"line":558,"column":24},"end":{"line":558,"column":25}},"loc":{"start":{"line":559,"column":16},"end":{"line":593,"column":22}},"line":559},"36":{"name":"(anonymous_36)","decl":{"start":{"line":573,"column":31},"end":{"line":573,"column":32}},"loc":{"start":{"line":573,"column":37},"end":{"line":577,"column":23}},"line":573},"37":{"name":"(anonymous_37)","decl":{"start":{"line":583,"column":31},"end":{"line":583,"column":32}},"loc":{"start":{"line":583,"column":37},"end":{"line":587,"column":23}},"line":583},"38":{"name":"(anonymous_38)","decl":{"start":{"line":585,"column":48},"end":{"line":585,"column":49}},"loc":{"start":{"line":585,"column":53},"end":{"line":585,"column":71}},"line":585},"39":{"name":"(anonymous_39)","decl":{"start":{"line":603,"column":29},"end":{"line":603,"column":30}},"loc":{"start":{"line":603,"column":35},"end":{"line":825,"column":1}},"line":603},"40":{"name":"(anonymous_40)","decl":{"start":{"line":616,"column":26},"end":{"line":616,"column":27}},"loc":{"start":{"line":616,"column":40},"end":{"line":619,"column":3}},"line":616},"41":{"name":"(anonymous_41)","decl":{"start":{"line":621,"column":23},"end":{"line":621,"column":24}},"loc":{"start":{"line":621,"column":33},"end":{"line":635,"column":3}},"line":621},"42":{"name":"(anonymous_42)","decl":{"start":{"line":637,"column":23},"end":{"line":637,"column":24}},"loc":{"start":{"line":637,"column":30},"end":{"line":673,"column":3}},"line":637},"43":{"name":"(anonymous_43)","decl":{"start":{"line":643,"column":37},"end":{"line":643,"column":38}},"loc":{"start":{"line":643,"column":42},"end":{"line":643,"column":76}},"line":643},"44":{"name":"(anonymous_44)","decl":{"start":{"line":659,"column":31},"end":{"line":659,"column":32}},"loc":{"start":{"line":659,"column":36},"end":{"line":659,"column":77}},"line":659},"45":{"name":"(anonymous_45)","decl":{"start":{"line":669,"column":17},"end":{"line":669,"column":18}},"loc":{"start":{"line":669,"column":23},"end":{"line":669,"column":44}},"line":669},"46":{"name":"(anonymous_46)","decl":{"start":{"line":698,"column":12},"end":{"line":698,"column":13}},"loc":{"start":{"line":698,"column":19},"end":{"line":698,"column":95}},"line":698},"47":{"name":"(anonymous_47)","decl":{"start":{"line":701,"column":16},"end":{"line":701,"column":17}},"loc":{"start":{"line":702,"column":4},"end":{"line":704,"column":13}},"line":702},"48":{"name":"(anonymous_48)","decl":{"start":{"line":715,"column":28},"end":{"line":715,"column":29}},"loc":{"start":{"line":715,"column":35},"end":{"line":715,"column":95}},"line":715},"49":{"name":"(anonymous_49)","decl":{"start":{"line":728,"column":28},"end":{"line":728,"column":29}},"loc":{"start":{"line":728,"column":35},"end":{"line":728,"column":96}},"line":728},"50":{"name":"(anonymous_50)","decl":{"start":{"line":739,"column":28},"end":{"line":739,"column":29}},"loc":{"start":{"line":739,"column":35},"end":{"line":739,"column":95}},"line":739},"51":{"name":"(anonymous_51)","decl":{"start":{"line":752,"column":32},"end":{"line":752,"column":33}},"loc":{"start":{"line":752,"column":39},"end":{"line":752,"column":106}},"line":752},"52":{"name":"(anonymous_52)","decl":{"start":{"line":764,"column":32},"end":{"line":764,"column":33}},"loc":{"start":{"line":764,"column":39},"end":{"line":764,"column":103}},"line":764},"53":{"name":"(anonymous_53)","decl":{"start":{"line":785,"column":29},"end":{"line":785,"column":30}},"loc":{"start":{"line":785,"column":34},"end":{"line":785,"column":68}},"line":785},"54":{"name":"(anonymous_54)","decl":{"start":{"line":788,"column":26},"end":{"line":788,"column":27}},"loc":{"start":{"line":788,"column":31},"end":{"line":788,"column":65}},"line":788},"55":{"name":"(anonymous_55)","decl":{"start":{"line":790,"column":26},"end":{"line":790,"column":27}},"loc":{"start":{"line":790,"column":36},"end":{"line":790,"column":103}},"line":790},"56":{"name":"(anonymous_56)","decl":{"start":{"line":791,"column":25},"end":{"line":791,"column":26}},"loc":{"start":{"line":792,"column":22},"end":{"line":813,"column":28}},"line":792},"57":{"name":"(anonymous_57)","decl":{"start":{"line":829,"column":26},"end":{"line":829,"column":27}},"loc":{"start":{"line":829,"column":32},"end":{"line":886,"column":3}},"line":829},"58":{"name":"(anonymous_58)","decl":{"start":{"line":839,"column":26},"end":{"line":839,"column":27}},"loc":{"start":{"line":840,"column":14},"end":{"line":880,"column":20}},"line":840},"59":{"name":"(anonymous_59)","decl":{"start":{"line":848,"column":29},"end":{"line":848,"column":30}},"loc":{"start":{"line":848,"column":35},"end":{"line":851,"column":21}},"line":848},"60":{"name":"(anonymous_60)","decl":{"start":{"line":858,"column":29},"end":{"line":858,"column":30}},"loc":{"start":{"line":858,"column":35},"end":{"line":862,"column":21}},"line":858},"61":{"name":"(anonymous_61)","decl":{"start":{"line":869,"column":29},"end":{"line":869,"column":30}},"loc":{"start":{"line":869,"column":35},"end":{"line":873,"column":21}},"line":869},"62":{"name":"(anonymous_62)","decl":{"start":{"line":871,"column":52},"end":{"line":871,"column":53}},"loc":{"start":{"line":871,"column":57},"end":{"line":871,"column":76}},"line":871},"63":{"name":"(anonymous_63)","decl":{"start":{"line":889,"column":26},"end":{"line":889,"column":27}},"loc":{"start":{"line":889,"column":32},"end":{"line":1315,"column":1}},"line":889},"64":{"name":"(anonymous_64)","decl":{"start":{"line":898,"column":25},"end":{"line":898,"column":26}},"loc":{"start":{"line":898,"column":31},"end":{"line":911,"column":3}},"line":898},"65":{"name":"(anonymous_65)","decl":{"start":{"line":909,"column":29},"end":{"line":909,"column":30}},"loc":{"start":{"line":909,"column":34},"end":{"line":909,"column":82}},"line":909},"66":{"name":"(anonymous_66)","decl":{"start":{"line":914,"column":21},"end":{"line":914,"column":22}},"loc":{"start":{"line":914,"column":27},"end":{"line":927,"column":3}},"line":914},"67":{"name":"(anonymous_67)","decl":{"start":{"line":925,"column":29},"end":{"line":925,"column":30}},"loc":{"start":{"line":925,"column":34},"end":{"line":925,"column":82}},"line":925},"68":{"name":"(anonymous_68)","decl":{"start":{"line":930,"column":24},"end":{"line":930,"column":25}},"loc":{"start":{"line":930,"column":30},"end":{"line":943,"column":3}},"line":930},"69":{"name":"(anonymous_69)","decl":{"start":{"line":941,"column":29},"end":{"line":941,"column":30}},"loc":{"start":{"line":941,"column":34},"end":{"line":941,"column":82}},"line":941},"70":{"name":"(anonymous_70)","decl":{"start":{"line":946,"column":23},"end":{"line":946,"column":24}},"loc":{"start":{"line":946,"column":29},"end":{"line":959,"column":3}},"line":946},"71":{"name":"(anonymous_71)","decl":{"start":{"line":957,"column":29},"end":{"line":957,"column":30}},"loc":{"start":{"line":957,"column":34},"end":{"line":957,"column":82}},"line":957},"72":{"name":"(anonymous_72)","decl":{"start":{"line":962,"column":21},"end":{"line":962,"column":22}},"loc":{"start":{"line":962,"column":43},"end":{"line":971,"column":3}},"line":962},"73":{"name":"(anonymous_73)","decl":{"start":{"line":966,"column":53},"end":{"line":966,"column":54}},"loc":{"start":{"line":966,"column":61},"end":{"line":966,"column":79}},"line":966},"74":{"name":"(anonymous_74)","decl":{"start":{"line":969,"column":31},"end":{"line":969,"column":32}},"loc":{"start":{"line":969,"column":36},"end":{"line":969,"column":84}},"line":969},"75":{"name":"(anonymous_75)","decl":{"start":{"line":981,"column":19},"end":{"line":981,"column":20}},"loc":{"start":{"line":981,"column":25},"end":{"line":981,"column":54}},"line":981},"76":{"name":"(anonymous_76)","decl":{"start":{"line":1015,"column":22},"end":{"line":1015,"column":23}},"loc":{"start":{"line":1015,"column":29},"end":{"line":1015,"column":83}},"line":1015},"77":{"name":"(anonymous_77)","decl":{"start":{"line":1021,"column":22},"end":{"line":1021,"column":23}},"loc":{"start":{"line":1021,"column":29},"end":{"line":1021,"column":85}},"line":1021},"78":{"name":"(anonymous_78)","decl":{"start":{"line":1026,"column":22},"end":{"line":1026,"column":23}},"loc":{"start":{"line":1026,"column":29},"end":{"line":1026,"column":86}},"line":1026},"79":{"name":"(anonymous_79)","decl":{"start":{"line":1044,"column":41},"end":{"line":1044,"column":42}},"loc":{"start":{"line":1045,"column":14},"end":{"line":1063,"column":20}},"line":1045},"80":{"name":"(anonymous_80)","decl":{"start":{"line":1058,"column":27},"end":{"line":1058,"column":28}},"loc":{"start":{"line":1058,"column":33},"end":{"line":1058,"column":67}},"line":1058},"81":{"name":"(anonymous_81)","decl":{"start":{"line":1077,"column":22},"end":{"line":1077,"column":23}},"loc":{"start":{"line":1077,"column":29},"end":{"line":1077,"column":89}},"line":1077},"82":{"name":"(anonymous_82)","decl":{"start":{"line":1084,"column":22},"end":{"line":1084,"column":23}},"loc":{"start":{"line":1084,"column":29},"end":{"line":1084,"column":96}},"line":1084},"83":{"name":"(anonymous_83)","decl":{"start":{"line":1090,"column":22},"end":{"line":1090,"column":23}},"loc":{"start":{"line":1090,"column":29},"end":{"line":1090,"column":94}},"line":1090},"84":{"name":"(anonymous_84)","decl":{"start":{"line":1104,"column":45},"end":{"line":1104,"column":46}},"loc":{"start":{"line":1105,"column":14},"end":{"line":1119,"column":20}},"line":1105},"85":{"name":"(anonymous_85)","decl":{"start":{"line":1114,"column":27},"end":{"line":1114,"column":28}},"loc":{"start":{"line":1114,"column":33},"end":{"line":1114,"column":74}},"line":1114},"86":{"name":"(anonymous_86)","decl":{"start":{"line":1133,"column":22},"end":{"line":1133,"column":23}},"loc":{"start":{"line":1133,"column":29},"end":{"line":1133,"column":87}},"line":1133},"87":{"name":"(anonymous_87)","decl":{"start":{"line":1139,"column":22},"end":{"line":1139,"column":23}},"loc":{"start":{"line":1139,"column":29},"end":{"line":1139,"column":89}},"line":1139},"88":{"name":"(anonymous_88)","decl":{"start":{"line":1146,"column":22},"end":{"line":1146,"column":23}},"loc":{"start":{"line":1146,"column":29},"end":{"line":1146,"column":86}},"line":1146},"89":{"name":"(anonymous_89)","decl":{"start":{"line":1160,"column":43},"end":{"line":1160,"column":44}},"loc":{"start":{"line":1161,"column":14},"end":{"line":1175,"column":20}},"line":1161},"90":{"name":"(anonymous_90)","decl":{"start":{"line":1170,"column":27},"end":{"line":1170,"column":28}},"loc":{"start":{"line":1170,"column":33},"end":{"line":1170,"column":71}},"line":1170},"91":{"name":"(anonymous_91)","decl":{"start":{"line":1188,"column":22},"end":{"line":1188,"column":23}},"loc":{"start":{"line":1188,"column":29},"end":{"line":1188,"column":75}},"line":1188},"92":{"name":"(anonymous_92)","decl":{"start":{"line":1194,"column":22},"end":{"line":1194,"column":23}},"loc":{"start":{"line":1194,"column":29},"end":{"line":1194,"column":74}},"line":1194},"93":{"name":"(anonymous_93)","decl":{"start":{"line":1199,"column":22},"end":{"line":1199,"column":23}},"loc":{"start":{"line":1199,"column":29},"end":{"line":1199,"column":79}},"line":1199},"94":{"name":"(anonymous_94)","decl":{"start":{"line":1222,"column":24},"end":{"line":1222,"column":25}},"loc":{"start":{"line":1222,"column":31},"end":{"line":1222,"column":81}},"line":1222},"95":{"name":"(anonymous_95)","decl":{"start":{"line":1232,"column":48},"end":{"line":1232,"column":49}},"loc":{"start":{"line":1233,"column":16},"end":{"line":1266,"column":22}},"line":1233},"96":{"name":"(anonymous_96)","decl":{"start":{"line":1248,"column":33},"end":{"line":1248,"column":34}},"loc":{"start":{"line":1248,"column":39},"end":{"line":1251,"column":25}},"line":1248},"97":{"name":"(anonymous_97)","decl":{"start":{"line":1258,"column":33},"end":{"line":1258,"column":34}},"loc":{"start":{"line":1258,"column":39},"end":{"line":1258,"column":73}},"line":1258},"98":{"name":"(anonymous_98)","decl":{"start":{"line":1286,"column":85},"end":{"line":1286,"column":86}},"loc":{"start":{"line":1286,"column":93},"end":{"line":1307,"column":17}},"line":1286},"99":{"name":"(anonymous_99)","decl":{"start":{"line":1287,"column":79},"end":{"line":1287,"column":80}},"loc":{"start":{"line":1287,"column":86},"end":{"line":1293,"column":19}},"line":1287},"100":{"name":"(anonymous_100)","decl":{"start":{"line":1299,"column":46},"end":{"line":1299,"column":47}},"loc":{"start":{"line":1300,"column":26},"end":{"line":1302,"column":32}},"line":1300},"101":{"name":"(anonymous_101)","decl":{"start":{"line":1323,"column":23},"end":{"line":1323,"column":24}},"loc":{"start":{"line":1323,"column":29},"end":{"line":1327,"column":15}},"line":1323},"102":{"name":"(anonymous_102)","decl":{"start":{"line":1334,"column":23},"end":{"line":1334,"column":24}},"loc":{"start":{"line":1334,"column":29},"end":{"line":1338,"column":15}},"line":1334},"103":{"name":"(anonymous_103)","decl":{"start":{"line":1345,"column":23},"end":{"line":1345,"column":24}},"loc":{"start":{"line":1345,"column":29},"end":{"line":1349,"column":15}},"line":1345},"104":{"name":"(anonymous_104)","decl":{"start":{"line":1357,"column":23},"end":{"line":1357,"column":24}},"loc":{"start":{"line":1357,"column":29},"end":{"line":1361,"column":15}},"line":1357},"105":{"name":"(anonymous_105)","decl":{"start":{"line":1368,"column":13},"end":{"line":1368,"column":14}},"loc":{"start":{"line":1368,"column":19},"end":{"line":1372,"column":5}},"line":1368}},"branchMap":{"0":{"loc":{"start":{"line":40,"column":4},"end":{"line":40,"column":77}},"type":"if","locations":[{"start":{"line":40,"column":4},"end":{"line":40,"column":77}},{"start":{},"end":{}}],"line":40},"1":{"loc":{"start":{"line":41,"column":4},"end":{"line":41,"column":83}},"type":"if","locations":[{"start":{"line":41,"column":4},"end":{"line":41,"column":83}},{"start":{},"end":{}}],"line":41},"2":{"loc":{"start":{"line":42,"column":4},"end":{"line":42,"column":101}},"type":"if","locations":[{"start":{"line":42,"column":4},"end":{"line":42,"column":101}},{"start":{},"end":{}}],"line":42},"3":{"loc":{"start":{"line":43,"column":4},"end":{"line":43,"column":68}},"type":"if","locations":[{"start":{"line":43,"column":4},"end":{"line":43,"column":68}},{"start":{},"end":{}}],"line":43},"4":{"loc":{"start":{"line":44,"column":4},"end":{"line":44,"column":117}},"type":"if","locations":[{"start":{"line":44,"column":4},"end":{"line":44,"column":117}},{"start":{},"end":{}}],"line":44},"5":{"loc":{"start":{"line":45,"column":4},"end":{"line":45,"column":117}},"type":"if","locations":[{"start":{"line":45,"column":4},"end":{"line":45,"column":117}},{"start":{},"end":{}}],"line":45},"6":{"loc":{"start":{"line":46,"column":4},"end":{"line":46,"column":70}},"type":"if","locations":[{"start":{"line":46,"column":4},"end":{"line":46,"column":70}},{"start":{},"end":{}}],"line":46},"7":{"loc":{"start":{"line":79,"column":6},"end":{"line":79,"column":43}},"type":"if","locations":[{"start":{"line":79,"column":6},"end":{"line":79,"column":43}},{"start":{},"end":{}}],"line":79},"8":{"loc":{"start":{"line":89,"column":26},"end":{"line":89,"column":69}},"type":"cond-expr","locations":[{"start":{"line":89,"column":48},"end":{"line":89,"column":49}},{"start":{"line":89,"column":52},"end":{"line":89,"column":69}}],"line":89},"9":{"loc":{"start":{"line":93,"column":8},"end":{"line":93,"column":41}},"type":"if","locations":[{"start":{"line":93,"column":8},"end":{"line":93,"column":41}},{"start":{},"end":{}}],"line":93},"10":{"loc":{"start":{"line":94,"column":8},"end":{"line":94,"column":41}},"type":"if","locations":[{"start":{"line":94,"column":8},"end":{"line":94,"column":41}},{"start":{},"end":{}}],"line":94},"11":{"loc":{"start":{"line":107,"column":6},"end":{"line":107,"column":49}},"type":"if","locations":[{"start":{"line":107,"column":6},"end":{"line":107,"column":49}},{"start":{},"end":{}}],"line":107},"12":{"loc":{"start":{"line":117,"column":8},"end":{"line":119,"column":9}},"type":"if","locations":[{"start":{"line":117,"column":8},"end":{"line":119,"column":9}},{"start":{},"end":{}}],"line":117},"13":{"loc":{"start":{"line":117,"column":12},"end":{"line":117,"column":40}},"type":"binary-expr","locations":[{"start":{"line":117,"column":12},"end":{"line":117,"column":29}},{"start":{"line":117,"column":33},"end":{"line":117,"column":40}}],"line":117},"14":{"loc":{"start":{"line":129,"column":6},"end":{"line":145,"column":7}},"type":"if","locations":[{"start":{"line":129,"column":6},"end":{"line":145,"column":7}},{"start":{"line":143,"column":13},"end":{"line":145,"column":7}}],"line":129},"15":{"loc":{"start":{"line":150,"column":6},"end":{"line":150,"column":79}},"type":"if","locations":[{"start":{"line":150,"column":6},"end":{"line":150,"column":79}},{"start":{},"end":{}}],"line":150},"16":{"loc":{"start":{"line":151,"column":6},"end":{"line":151,"column":85}},"type":"if","locations":[{"start":{"line":151,"column":6},"end":{"line":151,"column":85}},{"start":{},"end":{}}],"line":151},"17":{"loc":{"start":{"line":152,"column":6},"end":{"line":152,"column":103}},"type":"if","locations":[{"start":{"line":152,"column":6},"end":{"line":152,"column":103}},{"start":{},"end":{}}],"line":152},"18":{"loc":{"start":{"line":153,"column":6},"end":{"line":157,"column":7}},"type":"if","locations":[{"start":{"line":153,"column":6},"end":{"line":157,"column":7}},{"start":{"line":155,"column":13},"end":{"line":157,"column":7}}],"line":153},"19":{"loc":{"start":{"line":155,"column":13},"end":{"line":157,"column":7}},"type":"if","locations":[{"start":{"line":155,"column":13},"end":{"line":157,"column":7}},{"start":{},"end":{}}],"line":155},"20":{"loc":{"start":{"line":158,"column":6},"end":{"line":158,"column":119}},"type":"if","locations":[{"start":{"line":158,"column":6},"end":{"line":158,"column":119}},{"start":{},"end":{}}],"line":158},"21":{"loc":{"start":{"line":159,"column":6},"end":{"line":159,"column":119}},"type":"if","locations":[{"start":{"line":159,"column":6},"end":{"line":159,"column":119}},{"start":{},"end":{}}],"line":159},"22":{"loc":{"start":{"line":160,"column":6},"end":{"line":160,"column":72}},"type":"if","locations":[{"start":{"line":160,"column":6},"end":{"line":160,"column":72}},{"start":{},"end":{}}],"line":160},"23":{"loc":{"start":{"line":171,"column":6},"end":{"line":173,"column":7}},"type":"if","locations":[{"start":{"line":171,"column":6},"end":{"line":173,"column":7}},{"start":{},"end":{}}],"line":171},"24":{"loc":{"start":{"line":182,"column":9},"end":{"line":186,"column":9}},"type":"binary-expr","locations":[{"start":{"line":182,"column":9},"end":{"line":182,"column":20}},{"start":{"line":183,"column":10},"end":{"line":185,"column":16}}],"line":182},"25":{"loc":{"start":{"line":194,"column":77},"end":{"line":194,"column":114}},"type":"cond-expr","locations":[{"start":{"line":194,"column":93},"end":{"line":194,"column":109}},{"start":{"line":194,"column":112},"end":{"line":194,"column":114}}],"line":194},"26":{"loc":{"start":{"line":198,"column":15},"end":{"line":198,"column":92}},"type":"binary-expr","locations":[{"start":{"line":198,"column":15},"end":{"line":198,"column":28}},{"start":{"line":198,"column":32},"end":{"line":198,"column":92}}],"line":198},"27":{"loc":{"start":{"line":205,"column":77},"end":{"line":205,"column":116}},"type":"cond-expr","locations":[{"start":{"line":205,"column":95},"end":{"line":205,"column":111}},{"start":{"line":205,"column":114},"end":{"line":205,"column":116}}],"line":205},"28":{"loc":{"start":{"line":209,"column":15},"end":{"line":209,"column":96}},"type":"binary-expr","locations":[{"start":{"line":209,"column":15},"end":{"line":209,"column":30}},{"start":{"line":209,"column":34},"end":{"line":209,"column":96}}],"line":209},"29":{"loc":{"start":{"line":216,"column":77},"end":{"line":216,"column":111}},"type":"cond-expr","locations":[{"start":{"line":216,"column":90},"end":{"line":216,"column":106}},{"start":{"line":216,"column":109},"end":{"line":216,"column":111}}],"line":216},"30":{"loc":{"start":{"line":222,"column":15},"end":{"line":222,"column":86}},"type":"binary-expr","locations":[{"start":{"line":222,"column":15},"end":{"line":222,"column":25}},{"start":{"line":222,"column":29},"end":{"line":222,"column":86}}],"line":222},"31":{"loc":{"start":{"line":229,"column":77},"end":{"line":229,"column":123}},"type":"cond-expr","locations":[{"start":{"line":229,"column":102},"end":{"line":229,"column":118}},{"start":{"line":229,"column":121},"end":{"line":229,"column":123}}],"line":229},"32":{"loc":{"start":{"line":233,"column":15},"end":{"line":233,"column":110}},"type":"binary-expr","locations":[{"start":{"line":233,"column":15},"end":{"line":233,"column":37}},{"start":{"line":233,"column":41},"end":{"line":233,"column":110}}],"line":233},"33":{"loc":{"start":{"line":240,"column":77},"end":{"line":240,"column":126}},"type":"cond-expr","locations":[{"start":{"line":240,"column":105},"end":{"line":240,"column":121}},{"start":{"line":240,"column":124},"end":{"line":240,"column":126}}],"line":240},"34":{"loc":{"start":{"line":244,"column":15},"end":{"line":244,"column":116}},"type":"binary-expr","locations":[{"start":{"line":244,"column":15},"end":{"line":244,"column":40}},{"start":{"line":244,"column":44},"end":{"line":244,"column":116}}],"line":244},"35":{"loc":{"start":{"line":251,"column":77},"end":{"line":251,"column":126}},"type":"cond-expr","locations":[{"start":{"line":251,"column":105},"end":{"line":251,"column":121}},{"start":{"line":251,"column":124},"end":{"line":251,"column":126}}],"line":251},"36":{"loc":{"start":{"line":255,"column":15},"end":{"line":255,"column":116}},"type":"binary-expr","locations":[{"start":{"line":255,"column":15},"end":{"line":255,"column":40}},{"start":{"line":255,"column":44},"end":{"line":255,"column":116}}],"line":255},"37":{"loc":{"start":{"line":261,"column":77},"end":{"line":261,"column":114}},"type":"cond-expr","locations":[{"start":{"line":261,"column":93},"end":{"line":261,"column":109}},{"start":{"line":261,"column":112},"end":{"line":261,"column":114}}],"line":261},"38":{"loc":{"start":{"line":270,"column":15},"end":{"line":270,"column":92}},"type":"binary-expr","locations":[{"start":{"line":270,"column":15},"end":{"line":270,"column":28}},{"start":{"line":270,"column":32},"end":{"line":270,"column":92}}],"line":270},"39":{"loc":{"start":{"line":311,"column":6},"end":{"line":311,"column":43}},"type":"if","locations":[{"start":{"line":311,"column":6},"end":{"line":311,"column":43}},{"start":{},"end":{}}],"line":311},"40":{"loc":{"start":{"line":321,"column":26},"end":{"line":321,"column":69}},"type":"cond-expr","locations":[{"start":{"line":321,"column":48},"end":{"line":321,"column":49}},{"start":{"line":321,"column":52},"end":{"line":321,"column":69}}],"line":321},"41":{"loc":{"start":{"line":325,"column":8},"end":{"line":325,"column":41}},"type":"if","locations":[{"start":{"line":325,"column":8},"end":{"line":325,"column":41}},{"start":{},"end":{}}],"line":325},"42":{"loc":{"start":{"line":326,"column":8},"end":{"line":326,"column":41}},"type":"if","locations":[{"start":{"line":326,"column":8},"end":{"line":326,"column":41}},{"start":{},"end":{}}],"line":326},"43":{"loc":{"start":{"line":339,"column":6},"end":{"line":339,"column":49}},"type":"if","locations":[{"start":{"line":339,"column":6},"end":{"line":339,"column":49}},{"start":{},"end":{}}],"line":339},"44":{"loc":{"start":{"line":349,"column":8},"end":{"line":351,"column":9}},"type":"if","locations":[{"start":{"line":349,"column":8},"end":{"line":351,"column":9}},{"start":{},"end":{}}],"line":349},"45":{"loc":{"start":{"line":349,"column":12},"end":{"line":349,"column":40}},"type":"binary-expr","locations":[{"start":{"line":349,"column":12},"end":{"line":349,"column":29}},{"start":{"line":349,"column":33},"end":{"line":349,"column":40}}],"line":349},"46":{"loc":{"start":{"line":371,"column":6},"end":{"line":371,"column":75}},"type":"if","locations":[{"start":{"line":371,"column":6},"end":{"line":371,"column":75}},{"start":{},"end":{}}],"line":371},"47":{"loc":{"start":{"line":372,"column":6},"end":{"line":372,"column":81}},"type":"if","locations":[{"start":{"line":372,"column":6},"end":{"line":372,"column":81}},{"start":{},"end":{}}],"line":372},"48":{"loc":{"start":{"line":373,"column":6},"end":{"line":377,"column":7}},"type":"if","locations":[{"start":{"line":373,"column":6},"end":{"line":377,"column":7}},{"start":{"line":375,"column":13},"end":{"line":377,"column":7}}],"line":373},"49":{"loc":{"start":{"line":375,"column":13},"end":{"line":377,"column":7}},"type":"if","locations":[{"start":{"line":375,"column":13},"end":{"line":377,"column":7}},{"start":{},"end":{}}],"line":375},"50":{"loc":{"start":{"line":378,"column":6},"end":{"line":382,"column":7}},"type":"if","locations":[{"start":{"line":378,"column":6},"end":{"line":382,"column":7}},{"start":{"line":380,"column":13},"end":{"line":382,"column":7}}],"line":378},"51":{"loc":{"start":{"line":380,"column":13},"end":{"line":382,"column":7}},"type":"if","locations":[{"start":{"line":380,"column":13},"end":{"line":382,"column":7}},{"start":{},"end":{}}],"line":380},"52":{"loc":{"start":{"line":383,"column":6},"end":{"line":387,"column":7}},"type":"if","locations":[{"start":{"line":383,"column":6},"end":{"line":387,"column":7}},{"start":{"line":385,"column":13},"end":{"line":387,"column":7}}],"line":383},"53":{"loc":{"start":{"line":385,"column":13},"end":{"line":387,"column":7}},"type":"if","locations":[{"start":{"line":385,"column":13},"end":{"line":387,"column":7}},{"start":{},"end":{}}],"line":385},"54":{"loc":{"start":{"line":388,"column":6},"end":{"line":388,"column":59}},"type":"if","locations":[{"start":{"line":388,"column":6},"end":{"line":388,"column":59}},{"start":{},"end":{}}],"line":388},"55":{"loc":{"start":{"line":397,"column":6},"end":{"line":418,"column":7}},"type":"if","locations":[{"start":{"line":397,"column":6},"end":{"line":418,"column":7}},{"start":{"line":416,"column":13},"end":{"line":418,"column":7}}],"line":397},"56":{"loc":{"start":{"line":398,"column":8},"end":{"line":405,"column":9}},"type":"if","locations":[{"start":{"line":398,"column":8},"end":{"line":405,"column":9}},{"start":{"line":402,"column":15},"end":{"line":405,"column":9}}],"line":398},"57":{"loc":{"start":{"line":400,"column":34},"end":{"line":400,"column":88}},"type":"cond-expr","locations":[{"start":{"line":400,"column":61},"end":{"line":400,"column":84}},{"start":{"line":400,"column":87},"end":{"line":400,"column":88}}],"line":400},"58":{"loc":{"start":{"line":428,"column":13},"end":{"line":428,"column":72}},"type":"cond-expr","locations":[{"start":{"line":428,"column":28},"end":{"line":428,"column":45}},{"start":{"line":428,"column":48},"end":{"line":428,"column":72}}],"line":428},"59":{"loc":{"start":{"line":431,"column":11},"end":{"line":435,"column":11}},"type":"binary-expr","locations":[{"start":{"line":431,"column":11},"end":{"line":431,"column":22}},{"start":{"line":432,"column":12},"end":{"line":434,"column":18}}],"line":431},"60":{"loc":{"start":{"line":433,"column":24},"end":{"line":433,"column":65}},"type":"cond-expr","locations":[{"start":{"line":433,"column":39},"end":{"line":433,"column":52}},{"start":{"line":433,"column":55},"end":{"line":433,"column":65}}],"line":433},"61":{"loc":{"start":{"line":443,"column":79},"end":{"line":443,"column":116}},"type":"cond-expr","locations":[{"start":{"line":443,"column":95},"end":{"line":443,"column":111}},{"start":{"line":443,"column":114},"end":{"line":443,"column":116}}],"line":443},"62":{"loc":{"start":{"line":447,"column":17},"end":{"line":447,"column":94}},"type":"binary-expr","locations":[{"start":{"line":447,"column":17},"end":{"line":447,"column":30}},{"start":{"line":447,"column":34},"end":{"line":447,"column":94}}],"line":447},"63":{"loc":{"start":{"line":454,"column":79},"end":{"line":454,"column":118}},"type":"cond-expr","locations":[{"start":{"line":454,"column":97},"end":{"line":454,"column":113}},{"start":{"line":454,"column":116},"end":{"line":454,"column":118}}],"line":454},"64":{"loc":{"start":{"line":458,"column":17},"end":{"line":458,"column":98}},"type":"binary-expr","locations":[{"start":{"line":458,"column":17},"end":{"line":458,"column":32}},{"start":{"line":458,"column":36},"end":{"line":458,"column":98}}],"line":458},"65":{"loc":{"start":{"line":465,"column":79},"end":{"line":465,"column":113}},"type":"cond-expr","locations":[{"start":{"line":465,"column":92},"end":{"line":465,"column":108}},{"start":{"line":465,"column":111},"end":{"line":465,"column":113}}],"line":465},"66":{"loc":{"start":{"line":470,"column":20},"end":{"line":472,"column":21}},"type":"if","locations":[{"start":{"line":470,"column":20},"end":{"line":472,"column":21}},{"start":{},"end":{}}],"line":470},"67":{"loc":{"start":{"line":478,"column":17},"end":{"line":478,"column":88}},"type":"binary-expr","locations":[{"start":{"line":478,"column":17},"end":{"line":478,"column":27}},{"start":{"line":478,"column":31},"end":{"line":478,"column":88}}],"line":478},"68":{"loc":{"start":{"line":485,"column":79},"end":{"line":485,"column":116}},"type":"cond-expr","locations":[{"start":{"line":485,"column":95},"end":{"line":485,"column":111}},{"start":{"line":485,"column":114},"end":{"line":485,"column":116}}],"line":485},"69":{"loc":{"start":{"line":489,"column":17},"end":{"line":489,"column":94}},"type":"binary-expr","locations":[{"start":{"line":489,"column":17},"end":{"line":489,"column":30}},{"start":{"line":489,"column":34},"end":{"line":489,"column":94}}],"line":489},"70":{"loc":{"start":{"line":496,"column":79},"end":{"line":496,"column":118}},"type":"cond-expr","locations":[{"start":{"line":496,"column":97},"end":{"line":496,"column":113}},{"start":{"line":496,"column":116},"end":{"line":496,"column":118}}],"line":496},"71":{"loc":{"start":{"line":501,"column":17},"end":{"line":501,"column":98}},"type":"binary-expr","locations":[{"start":{"line":501,"column":17},"end":{"line":501,"column":32}},{"start":{"line":501,"column":36},"end":{"line":501,"column":98}}],"line":501},"72":{"loc":{"start":{"line":507,"column":79},"end":{"line":507,"column":113}},"type":"cond-expr","locations":[{"start":{"line":507,"column":92},"end":{"line":507,"column":108}},{"start":{"line":507,"column":111},"end":{"line":507,"column":113}}],"line":507},"73":{"loc":{"start":{"line":516,"column":17},"end":{"line":516,"column":88}},"type":"binary-expr","locations":[{"start":{"line":516,"column":17},"end":{"line":516,"column":27}},{"start":{"line":516,"column":31},"end":{"line":516,"column":88}}],"line":516},"74":{"loc":{"start":{"line":521,"column":15},"end":{"line":540,"column":15}},"type":"binary-expr","locations":[{"start":{"line":521,"column":15},"end":{"line":521,"column":27}},{"start":{"line":522,"column":16},"end":{"line":539,"column":25}}],"line":521},"75":{"loc":{"start":{"line":545,"column":17},"end":{"line":545,"column":56}},"type":"cond-expr","locations":[{"start":{"line":545,"column":32},"end":{"line":545,"column":44}},{"start":{"line":545,"column":47},"end":{"line":545,"column":56}}],"line":545},"76":{"loc":{"start":{"line":555,"column":13},"end":{"line":595,"column":13}},"type":"cond-expr","locations":[{"start":{"line":556,"column":14},"end":{"line":556,"column":85}},{"start":{"line":558,"column":14},"end":{"line":594,"column":16}}],"line":555},"77":{"loc":{"start":{"line":584,"column":24},"end":{"line":586,"column":25}},"type":"if","locations":[{"start":{"line":584,"column":24},"end":{"line":586,"column":25}},{"start":{},"end":{}}],"line":584},"78":{"loc":{"start":{"line":623,"column":4},"end":{"line":623,"column":80}},"type":"if","locations":[{"start":{"line":623,"column":4},"end":{"line":623,"column":80}},{"start":{},"end":{}}],"line":623},"79":{"loc":{"start":{"line":624,"column":4},"end":{"line":624,"column":63}},"type":"if","locations":[{"start":{"line":624,"column":4},"end":{"line":624,"column":63}},{"start":{},"end":{}}],"line":624},"80":{"loc":{"start":{"line":625,"column":4},"end":{"line":625,"column":60}},"type":"if","locations":[{"start":{"line":625,"column":4},"end":{"line":625,"column":60}},{"start":{},"end":{}}],"line":625},"81":{"loc":{"start":{"line":626,"column":4},"end":{"line":633,"column":5}},"type":"if","locations":[{"start":{"line":626,"column":4},"end":{"line":633,"column":5}},{"start":{},"end":{}}],"line":626},"82":{"loc":{"start":{"line":627,"column":6},"end":{"line":627,"column":94}},"type":"if","locations":[{"start":{"line":627,"column":6},"end":{"line":627,"column":94}},{"start":{},"end":{}}],"line":627},"83":{"loc":{"start":{"line":628,"column":6},"end":{"line":632,"column":7}},"type":"if","locations":[{"start":{"line":628,"column":6},"end":{"line":632,"column":7}},{"start":{"line":630,"column":13},"end":{"line":632,"column":7}}],"line":628},"84":{"loc":{"start":{"line":630,"column":13},"end":{"line":632,"column":7}},"type":"if","locations":[{"start":{"line":630,"column":13},"end":{"line":632,"column":7}},{"start":{},"end":{}}],"line":630},"85":{"loc":{"start":{"line":641,"column":4},"end":{"line":672,"column":5}},"type":"if","locations":[{"start":{"line":641,"column":4},"end":{"line":672,"column":5}},{"start":{"line":670,"column":11},"end":{"line":672,"column":5}}],"line":641},"86":{"loc":{"start":{"line":645,"column":6},"end":{"line":648,"column":7}},"type":"if","locations":[{"start":{"line":645,"column":6},"end":{"line":648,"column":7}},{"start":{},"end":{}}],"line":645},"87":{"loc":{"start":{"line":654,"column":14},"end":{"line":654,"column":51}},"type":"binary-expr","locations":[{"start":{"line":654,"column":14},"end":{"line":654,"column":45}},{"start":{"line":654,"column":49},"end":{"line":654,"column":51}}],"line":654},"88":{"loc":{"start":{"line":659,"column":36},"end":{"line":659,"column":77}},"type":"cond-expr","locations":[{"start":{"line":659,"column":59},"end":{"line":659,"column":73}},{"start":{"line":659,"column":76},"end":{"line":659,"column":77}}],"line":659},"89":{"loc":{"start":{"line":679,"column":7},"end":{"line":822,"column":7}},"type":"cond-expr","locations":[{"start":{"line":680,"column":8},"end":{"line":688,"column":14}},{"start":{"line":690,"column":8},"end":{"line":821,"column":14}}],"line":679},"90":{"loc":{"start":{"line":696,"column":63},"end":{"line":696,"column":104}},"type":"cond-expr","locations":[{"start":{"line":696,"column":83},"end":{"line":696,"column":99}},{"start":{"line":696,"column":102},"end":{"line":696,"column":104}}],"line":696},"91":{"loc":{"start":{"line":707,"column":17},"end":{"line":707,"column":102}},"type":"binary-expr","locations":[{"start":{"line":707,"column":17},"end":{"line":707,"column":34}},{"start":{"line":707,"column":38},"end":{"line":707,"column":102}}],"line":707},"92":{"loc":{"start":{"line":726,"column":79},"end":{"line":726,"column":115}},"type":"cond-expr","locations":[{"start":{"line":726,"column":94},"end":{"line":726,"column":110}},{"start":{"line":726,"column":113},"end":{"line":726,"column":115}}],"line":726},"93":{"loc":{"start":{"line":730,"column":17},"end":{"line":730,"column":92}},"type":"binary-expr","locations":[{"start":{"line":730,"column":17},"end":{"line":730,"column":29}},{"start":{"line":730,"column":33},"end":{"line":730,"column":92}}],"line":730},"94":{"loc":{"start":{"line":737,"column":79},"end":{"line":737,"column":114}},"type":"cond-expr","locations":[{"start":{"line":737,"column":93},"end":{"line":737,"column":109}},{"start":{"line":737,"column":112},"end":{"line":737,"column":114}}],"line":737},"95":{"loc":{"start":{"line":741,"column":17},"end":{"line":741,"column":90}},"type":"binary-expr","locations":[{"start":{"line":741,"column":17},"end":{"line":741,"column":28}},{"start":{"line":741,"column":32},"end":{"line":741,"column":90}}],"line":741},"96":{"loc":{"start":{"line":744,"column":15},"end":{"line":770,"column":15}},"type":"binary-expr","locations":[{"start":{"line":744,"column":15},"end":{"line":744,"column":47}},{"start":{"line":745,"column":16},"end":{"line":769,"column":19}}],"line":744},"97":{"loc":{"start":{"line":750,"column":83},"end":{"line":750,"column":125}},"type":"cond-expr","locations":[{"start":{"line":750,"column":104},"end":{"line":750,"column":120}},{"start":{"line":750,"column":123},"end":{"line":750,"column":125}}],"line":750},"98":{"loc":{"start":{"line":755,"column":21},"end":{"line":755,"column":108}},"type":"binary-expr","locations":[{"start":{"line":755,"column":21},"end":{"line":755,"column":39}},{"start":{"line":755,"column":43},"end":{"line":755,"column":108}}],"line":755},"99":{"loc":{"start":{"line":762,"column":83},"end":{"line":762,"column":122}},"type":"cond-expr","locations":[{"start":{"line":762,"column":101},"end":{"line":762,"column":117}},{"start":{"line":762,"column":120},"end":{"line":762,"column":122}}],"line":762},"100":{"loc":{"start":{"line":767,"column":21},"end":{"line":767,"column":102}},"type":"binary-expr","locations":[{"start":{"line":767,"column":21},"end":{"line":767,"column":36}},{"start":{"line":767,"column":40},"end":{"line":767,"column":102}}],"line":767},"101":{"loc":{"start":{"line":777,"column":25},"end":{"line":777,"column":80}},"type":"cond-expr","locations":[{"start":{"line":777,"column":60},"end":{"line":777,"column":68}},{"start":{"line":777,"column":71},"end":{"line":777,"column":80}}],"line":777},"102":{"loc":{"start":{"line":782,"column":11},"end":{"line":820,"column":11}},"type":"binary-expr","locations":[{"start":{"line":782,"column":11},"end":{"line":782,"column":36}},{"start":{"line":783,"column":12},"end":{"line":819,"column":18}}],"line":782},"103":{"loc":{"start":{"line":785,"column":15},"end":{"line":818,"column":15}},"type":"cond-expr","locations":[{"start":{"line":786,"column":16},"end":{"line":815,"column":22}},{"start":{"line":817,"column":16},"end":{"line":817,"column":96}}],"line":785},"104":{"loc":{"start":{"line":795,"column":26},"end":{"line":795,"column":82}},"type":"cond-expr","locations":[{"start":{"line":795,"column":55},"end":{"line":795,"column":66}},{"start":{"line":795,"column":69},"end":{"line":795,"column":82}}],"line":795},"105":{"loc":{"start":{"line":801,"column":31},"end":{"line":801,"column":80}},"type":"cond-expr","locations":[{"start":{"line":801,"column":60},"end":{"line":801,"column":68}},{"start":{"line":801,"column":71},"end":{"line":801,"column":80}}],"line":801},"106":{"loc":{"start":{"line":806,"column":29},"end":{"line":810,"column":29}},"type":"binary-expr","locations":[{"start":{"line":806,"column":29},"end":{"line":806,"column":55}},{"start":{"line":807,"column":30},"end":{"line":809,"column":34}}],"line":806},"107":{"loc":{"start":{"line":833,"column":9},"end":{"line":883,"column":9}},"type":"cond-expr","locations":[{"start":{"line":834,"column":10},"end":{"line":836,"column":16}},{"start":{"line":838,"column":10},"end":{"line":882,"column":16}}],"line":833},"108":{"loc":{"start":{"line":870,"column":22},"end":{"line":872,"column":23}},"type":"if","locations":[{"start":{"line":870,"column":22},"end":{"line":872,"column":23}},{"start":{},"end":{}}],"line":870},"109":{"loc":{"start":{"line":895,"column":2},"end":{"line":895,"column":36}},"type":"if","locations":[{"start":{"line":895,"column":2},"end":{"line":895,"column":36}},{"start":{},"end":{}}],"line":895},"110":{"loc":{"start":{"line":899,"column":4},"end":{"line":902,"column":5}},"type":"if","locations":[{"start":{"line":899,"column":4},"end":{"line":902,"column":5}},{"start":{},"end":{}}],"line":899},"111":{"loc":{"start":{"line":899,"column":8},"end":{"line":899,"column":61}},"type":"binary-expr","locations":[{"start":{"line":899,"column":8},"end":{"line":899,"column":22}},{"start":{"line":899,"column":26},"end":{"line":899,"column":39}},{"start":{"line":899,"column":43},"end":{"line":899,"column":61}}],"line":899},"112":{"loc":{"start":{"line":906,"column":25},"end":{"line":906,"column":59}},"type":"binary-expr","locations":[{"start":{"line":906,"column":25},"end":{"line":906,"column":53}},{"start":{"line":906,"column":57},"end":{"line":906,"column":59}}],"line":906},"113":{"loc":{"start":{"line":909,"column":34},"end":{"line":909,"column":82}},"type":"cond-expr","locations":[{"start":{"line":909,"column":64},"end":{"line":909,"column":78}},{"start":{"line":909,"column":81},"end":{"line":909,"column":82}}],"line":909},"114":{"loc":{"start":{"line":915,"column":4},"end":{"line":918,"column":5}},"type":"if","locations":[{"start":{"line":915,"column":4},"end":{"line":918,"column":5}},{"start":{},"end":{}}],"line":915},"115":{"loc":{"start":{"line":915,"column":8},"end":{"line":915,"column":50}},"type":"binary-expr","locations":[{"start":{"line":915,"column":8},"end":{"line":915,"column":26}},{"start":{"line":915,"column":30},"end":{"line":915,"column":50}}],"line":915},"116":{"loc":{"start":{"line":922,"column":21},"end":{"line":922,"column":51}},"type":"binary-expr","locations":[{"start":{"line":922,"column":21},"end":{"line":922,"column":45}},{"start":{"line":922,"column":49},"end":{"line":922,"column":51}}],"line":922},"117":{"loc":{"start":{"line":925,"column":34},"end":{"line":925,"column":82}},"type":"cond-expr","locations":[{"start":{"line":925,"column":64},"end":{"line":925,"column":78}},{"start":{"line":925,"column":81},"end":{"line":925,"column":82}}],"line":925},"118":{"loc":{"start":{"line":931,"column":4},"end":{"line":934,"column":5}},"type":"if","locations":[{"start":{"line":931,"column":4},"end":{"line":934,"column":5}},{"start":{},"end":{}}],"line":931},"119":{"loc":{"start":{"line":931,"column":8},"end":{"line":931,"column":61}},"type":"binary-expr","locations":[{"start":{"line":931,"column":8},"end":{"line":931,"column":29}},{"start":{"line":931,"column":33},"end":{"line":931,"column":61}}],"line":931},"120":{"loc":{"start":{"line":938,"column":25},"end":{"line":938,"column":59}},"type":"binary-expr","locations":[{"start":{"line":938,"column":25},"end":{"line":938,"column":53}},{"start":{"line":938,"column":57},"end":{"line":938,"column":59}}],"line":938},"121":{"loc":{"start":{"line":941,"column":34},"end":{"line":941,"column":82}},"type":"cond-expr","locations":[{"start":{"line":941,"column":64},"end":{"line":941,"column":78}},{"start":{"line":941,"column":81},"end":{"line":941,"column":82}}],"line":941},"122":{"loc":{"start":{"line":947,"column":4},"end":{"line":950,"column":5}},"type":"if","locations":[{"start":{"line":947,"column":4},"end":{"line":950,"column":5}},{"start":{},"end":{}}],"line":947},"123":{"loc":{"start":{"line":947,"column":8},"end":{"line":947,"column":51}},"type":"binary-expr","locations":[{"start":{"line":947,"column":8},"end":{"line":947,"column":28}},{"start":{"line":947,"column":32},"end":{"line":947,"column":51}}],"line":947},"124":{"loc":{"start":{"line":954,"column":23},"end":{"line":954,"column":55}},"type":"binary-expr","locations":[{"start":{"line":954,"column":23},"end":{"line":954,"column":49}},{"start":{"line":954,"column":53},"end":{"line":954,"column":55}}],"line":954},"125":{"loc":{"start":{"line":957,"column":34},"end":{"line":957,"column":82}},"type":"cond-expr","locations":[{"start":{"line":957,"column":64},"end":{"line":957,"column":78}},{"start":{"line":957,"column":81},"end":{"line":957,"column":82}}],"line":957},"126":{"loc":{"start":{"line":963,"column":4},"end":{"line":970,"column":5}},"type":"if","locations":[{"start":{"line":963,"column":4},"end":{"line":970,"column":5}},{"start":{},"end":{}}],"line":963},"127":{"loc":{"start":{"line":969,"column":36},"end":{"line":969,"column":84}},"type":"cond-expr","locations":[{"start":{"line":969,"column":66},"end":{"line":969,"column":80}},{"start":{"line":969,"column":83},"end":{"line":969,"column":84}}],"line":969},"128":{"loc":{"start":{"line":1041,"column":11},"end":{"line":1065,"column":11}},"type":"cond-expr","locations":[{"start":{"line":1042,"column":12},"end":{"line":1042,"column":89}},{"start":{"line":1044,"column":12},"end":{"line":1064,"column":14}}],"line":1041},"129":{"loc":{"start":{"line":1041,"column":12},"end":{"line":1041,"column":78}},"type":"binary-expr","locations":[{"start":{"line":1041,"column":12},"end":{"line":1041,"column":37}},{"start":{"line":1041,"column":41},"end":{"line":1041,"column":78}}],"line":1041},"130":{"loc":{"start":{"line":1050,"column":20},"end":{"line":1052,"column":36}},"type":"cond-expr","locations":[{"start":{"line":1050,"column":52},"end":{"line":1050,"column":66}},{"start":{"line":1051,"column":20},"end":{"line":1052,"column":36}}],"line":1050},"131":{"loc":{"start":{"line":1051,"column":20},"end":{"line":1052,"column":36}},"type":"cond-expr","locations":[{"start":{"line":1051,"column":55},"end":{"line":1051,"column":72}},{"start":{"line":1052,"column":20},"end":{"line":1052,"column":36}}],"line":1051},"132":{"loc":{"start":{"line":1101,"column":11},"end":{"line":1121,"column":11}},"type":"cond-expr","locations":[{"start":{"line":1102,"column":12},"end":{"line":1102,"column":93}},{"start":{"line":1104,"column":12},"end":{"line":1120,"column":14}}],"line":1101},"133":{"loc":{"start":{"line":1101,"column":12},"end":{"line":1101,"column":86}},"type":"binary-expr","locations":[{"start":{"line":1101,"column":12},"end":{"line":1101,"column":41}},{"start":{"line":1101,"column":45},"end":{"line":1101,"column":86}}],"line":1101},"134":{"loc":{"start":{"line":1109,"column":19},"end":{"line":1111,"column":19}},"type":"binary-expr","locations":[{"start":{"line":1109,"column":19},"end":{"line":1109,"column":41}},{"start":{"line":1110,"column":20},"end":{"line":1110,"column":73}}],"line":1109},"135":{"loc":{"start":{"line":1157,"column":11},"end":{"line":1177,"column":11}},"type":"cond-expr","locations":[{"start":{"line":1158,"column":12},"end":{"line":1158,"column":91}},{"start":{"line":1160,"column":12},"end":{"line":1176,"column":14}}],"line":1157},"136":{"loc":{"start":{"line":1157,"column":12},"end":{"line":1157,"column":82}},"type":"binary-expr","locations":[{"start":{"line":1157,"column":12},"end":{"line":1157,"column":39}},{"start":{"line":1157,"column":43},"end":{"line":1157,"column":82}}],"line":1157},"137":{"loc":{"start":{"line":1164,"column":19},"end":{"line":1166,"column":19}},"type":"binary-expr","locations":[{"start":{"line":1164,"column":19},"end":{"line":1164,"column":37}},{"start":{"line":1165,"column":20},"end":{"line":1165,"column":66}}],"line":1164},"138":{"loc":{"start":{"line":1217,"column":9},"end":{"line":1225,"column":9}},"type":"binary-expr","locations":[{"start":{"line":1217,"column":9},"end":{"line":1217,"column":37}},{"start":{"line":1218,"column":10},"end":{"line":1224,"column":16}}],"line":1217},"139":{"loc":{"start":{"line":1228,"column":11},"end":{"line":1269,"column":11}},"type":"cond-expr","locations":[{"start":{"line":1229,"column":12},"end":{"line":1229,"column":93}},{"start":{"line":1231,"column":12},"end":{"line":1268,"column":18}}],"line":1228},"140":{"loc":{"start":{"line":1228,"column":12},"end":{"line":1228,"column":86}},"type":"binary-expr","locations":[{"start":{"line":1228,"column":12},"end":{"line":1228,"column":41}},{"start":{"line":1228,"column":45},"end":{"line":1228,"column":86}}],"line":1228},"141":{"loc":{"start":{"line":1274,"column":7},"end":{"line":1312,"column":7}},"type":"binary-expr","locations":[{"start":{"line":1274,"column":7},"end":{"line":1274,"column":35}},{"start":{"line":1274,"column":39},"end":{"line":1274,"column":78}},{"start":{"line":1275,"column":8},"end":{"line":1311,"column":14}}],"line":1274},"142":{"loc":{"start":{"line":1328,"column":68},"end":{"line":1328,"column":129}},"type":"cond-expr","locations":[{"start":{"line":1328,"column":96},"end":{"line":1328,"column":108}},{"start":{"line":1328,"column":111},"end":{"line":1328,"column":129}}],"line":1328},"143":{"loc":{"start":{"line":1339,"column":68},"end":{"line":1339,"column":132}},"type":"cond-expr","locations":[{"start":{"line":1339,"column":99},"end":{"line":1339,"column":111}},{"start":{"line":1339,"column":114},"end":{"line":1339,"column":132}}],"line":1339},"144":{"loc":{"start":{"line":1350,"column":68},"end":{"line":1350,"column":133}},"type":"cond-expr","locations":[{"start":{"line":1350,"column":100},"end":{"line":1350,"column":112}},{"start":{"line":1350,"column":115},"end":{"line":1350,"column":133}}],"line":1350},"145":{"loc":{"start":{"line":1362,"column":68},"end":{"line":1362,"column":127}},"type":"cond-expr","locations":[{"start":{"line":1362,"column":94},"end":{"line":1362,"column":106}},{"start":{"line":1362,"column":109},"end":{"line":1362,"column":127}}],"line":1362},"146":{"loc":{"start":{"line":1373,"column":58},"end":{"line":1373,"column":121}},"type":"cond-expr","locations":[{"start":{"line":1373,"column":88},"end":{"line":1373,"column":100}},{"start":{"line":1373,"column":103},"end":{"line":1373,"column":121}}],"line":1373},"147":{"loc":{"start":{"line":1383,"column":3},"end":{"line":1383,"column":47}},"type":"binary-expr","locations":[{"start":{"line":1383,"column":3},"end":{"line":1383,"column":28}},{"start":{"line":1383,"column":32},"end":{"line":1383,"column":47}}],"line":1383},"148":{"loc":{"start":{"line":1384,"column":3},"end":{"line":1384,"column":53}},"type":"binary-expr","locations":[{"start":{"line":1384,"column":3},"end":{"line":1384,"column":31}},{"start":{"line":1384,"column":35},"end":{"line":1384,"column":53}}],"line":1384},"149":{"loc":{"start":{"line":1385,"column":3},"end":{"line":1385,"column":55}},"type":"binary-expr","locations":[{"start":{"line":1385,"column":3},"end":{"line":1385,"column":32}},{"start":{"line":1385,"column":36},"end":{"line":1385,"column":55}}],"line":1385},"150":{"loc":{"start":{"line":1386,"column":3},"end":{"line":1386,"column":59}},"type":"binary-expr","locations":[{"start":{"line":1386,"column":3},"end":{"line":1386,"column":34}},{"start":{"line":1386,"column":38},"end":{"line":1386,"column":59}}],"line":1386},"151":{"loc":{"start":{"line":1387,"column":3},"end":{"line":1387,"column":53}},"type":"binary-expr","locations":[{"start":{"line":1387,"column":3},"end":{"line":1387,"column":26}},{"start":{"line":1387,"column":30},"end":{"line":1387,"column":53}}],"line":1387},"152":{"loc":{"start":{"line":1388,"column":3},"end":{"line":1388,"column":58}},"type":"binary-expr","locations":[{"start":{"line":1388,"column":3},"end":{"line":1388,"column":30}},{"start":{"line":1388,"column":34},"end":{"line":1388,"column":58}}],"line":1388}},"s":{"0":1,"1":0,"2":0,"3":1,"4":3,"5":1,"6":3,"7":3,"8":3,"9":3,"10":3,"11":3,"12":3,"13":3,"14":0,"15":0,"16":0,"17":0,"18":0,"19":0,"20":0,"21":0,"22":0,"23":0,"24":0,"25":0,"26":0,"27":0,"28":0,"29":0,"30":3,"31":0,"32":0,"33":0,"34":0,"35":0,"36":0,"37":0,"38":0,"39":0,"40":0,"41":0,"42":0,"43":0,"44":0,"45":0,"46":0,"47":0,"48":0,"49":0,"50":0,"51":0,"52":0,"53":0,"54":0,"55":0,"56":0,"57":0,"58":0,"59":0,"60":0,"61":0,"62":0,"63":0,"64":0,"65":0,"66":0,"67":0,"68":0,"69":0,"70":0,"71":0,"72":0,"73":0,"74":0,"75":0,"76":0,"77":0,"78":0,"79":0,"80":0,"81":0,"82":0,"83":0,"84":0,"85":0,"86":0,"87":0,"88":0,"89":0,"90":0,"91":0,"92":0,"93":0,"94":0,"95":0,"96":0,"97":0,"98":0,"99":0,"100":0,"101":0,"102":0,"103":0,"104":0,"105":0,"106":0,"107":0,"108":0,"109":3,"110":0,"111":0,"112":0,"113":0,"114":0,"115":0,"116":0,"117":0,"118":0,"119":0,"120":0,"121":0,"122":0,"123":0,"124":0,"125":0,"126":0,"127":0,"128":0,"129":0,"130":0,"131":0,"132":0,"133":0,"134":0,"135":0,"136":0,"137":0,"138":0,"139":0,"140":0,"141":0,"142":0,"143":0,"144":0,"145":0,"146":0,"147":0,"148":0,"149":0,"150":0,"151":0,"152":0,"153":0,"154":0,"155":0,"156":0,"157":0,"158":0,"159":0,"160":0,"161":0,"162":0,"163":0,"164":0,"165":0,"166":0,"167":0,"168":0,"169":0,"170":0,"171":0,"172":0,"173":0,"174":0,"175":0,"176":0,"177":0,"178":0,"179":0,"180":0,"181":0,"182":0,"183":0,"184":0,"185":0,"186":0,"187":0,"188":0,"189":0,"190":0,"191":0,"192":0,"193":0,"194":0,"195":0,"196":0,"197":0,"198":0,"199":0,"200":0,"201":0,"202":0,"203":0,"204":0,"205":0,"206":0,"207":0,"208":0,"209":0,"210":3,"211":0,"212":0,"213":0,"214":0,"215":0,"216":0,"217":0,"218":0,"219":0,"220":0,"221":0,"222":0,"223":0,"224":0,"225":0,"226":0,"227":0,"228":0,"229":0,"230":0,"231":0,"232":0,"233":0,"234":0,"235":0,"236":0,"237":0,"238":0,"239":0,"240":0,"241":0,"242":0,"243":0,"244":0,"245":0,"246":0,"247":0,"248":0,"249":0,"250":0,"251":0,"252":0,"253":0,"254":0,"255":0,"256":0,"257":0,"258":0,"259":0,"260":0,"261":0,"262":3,"263":0,"264":0,"265":0,"266":0,"267":0,"268":0,"269":0,"270":0,"271":0,"272":0,"273":3,"274":0,"275":0,"276":0,"277":0,"278":0,"279":0,"280":0,"281":0,"282":0,"283":0,"284":0,"285":0,"286":0,"287":0,"288":0,"289":0,"290":0,"291":0,"292":0,"293":0,"294":0,"295":0,"296":0,"297":0,"298":0,"299":0,"300":0,"301":0,"302":0,"303":0,"304":0,"305":0,"306":0,"307":0,"308":0,"309":0,"310":0,"311":0,"312":0,"313":0,"314":0,"315":0,"316":0,"317":0,"318":0,"319":0,"320":0,"321":0,"322":0,"323":0,"324":0,"325":0,"326":0,"327":0,"328":0,"329":0,"330":0,"331":0,"332":0,"333":0,"334":0,"335":0,"336":0,"337":0,"338":0,"339":0,"340":0,"341":0,"342":0,"343":0,"344":0,"345":0,"346":0,"347":0,"348":0,"349":0,"350":0,"351":0,"352":0,"353":3,"354":0,"355":0,"356":0,"357":0,"358":0,"359":0,"360":0,"361":0,"362":0,"363":0,"364":0,"365":0,"366":0,"367":0,"368":0},"f":{"0":0,"1":3,"2":3,"3":0,"4":0,"5":0,"6":0,"7":0,"8":0,"9":0,"10":0,"11":0,"12":0,"13":0,"14":0,"15":0,"16":0,"17":0,"18":0,"19":0,"20":0,"21":0,"22":0,"23":0,"24":0,"25":0,"26":0,"27":0,"28":0,"29":0,"30":0,"31":0,"32":0,"33":0,"34":0,"35":0,"36":0,"37":0,"38":0,"39":0,"40":0,"41":0,"42":0,"43":0,"44":0,"45":0,"46":0,"47":0,"48":0,"49":0,"50":0,"51":0,"52":0,"53":0,"54":0,"55":0,"56":0,"57":0,"58":0,"59":0,"60":0,"61":0,"62":0,"63":0,"64":0,"65":0,"66":0,"67":0,"68":0,"69":0,"70":0,"71":0,"72":0,"73":0,"74":0,"75":0,"76":0,"77":0,"78":0,"79":0,"80":0,"81":0,"82":0,"83":0,"84":0,"85":0,"86":0,"87":0,"88":0,"89":0,"90":0,"91":0,"92":0,"93":0,"94":0,"95":0,"96":0,"97":0,"98":0,"99":0,"100":0,"101":0,"102":0,"103":0,"104":0,"105":0},"b":{"0":[0,0],"1":[0,0],"2":[0,0],"3":[0,0],"4":[0,0],"5":[0,0],"6":[0,0],"7":[0,0],"8":[0,0],"9":[0,0],"10":[0,0],"11":[0,0],"12":[0,0],"13":[0,0],"14":[0,0],"15":[0,0],"16":[0,0],"17":[0,0],"18":[0,0],"19":[0,0],"20":[0,0],"21":[0,0],"22":[0,0],"23":[0,0],"24":[0,0],"25":[0,0],"26":[0,0],"27":[0,0],"28":[0,0],"29":[0,0],"30":[0,0],"31":[0,0],"32":[0,0],"33":[0,0],"34":[0,0],"35":[0,0],"36":[0,0],"37":[0,0],"38":[0,0],"39":[0,0],"40":[0,0],"41":[0,0],"42":[0,0],"43":[0,0],"44":[0,0],"45":[0,0],"46":[0,0],"47":[0,0],"48":[0,0],"49":[0,0],"50":[0,0],"51":[0,0],"52":[0,0],"53":[0,0],"54":[0,0],"55":[0,0],"56":[0,0],"57":[0,0],"58":[0,0],"59":[0,0],"60":[0,0],"61":[0,0],"62":[0,0],"63":[0,0],"64":[0,0],"65":[0,0],"66":[0,0],"67":[0,0],"68":[0,0],"69":[0,0],"70":[0,0],"71":[0,0],"72":[0,0],"73":[0,0],"74":[0,0],"75":[0,0],"76":[0,0],"77":[0,0],"78":[0,0],"79":[0,0],"80":[0,0],"81":[0,0],"82":[0,0],"83":[0,0],"84":[0,0],"85":[0,0],"86":[0,0],"87":[0,0],"88":[0,0],"89":[0,0],"90":[0,0],"91":[0,0],"92":[0,0],"93":[0,0],"94":[0,0],"95":[0,0],"96":[0,0],"97":[0,0],"98":[0,0],"99":[0,0],"100":[0,0],"101":[0,0],"102":[0,0],"103":[0,0],"104":[0,0],"105":[0,0],"106":[0,0],"107":[0,0],"108":[0,0],"109":[0,0],"110":[0,0],"111":[0,0,0],"112":[0,0],"113":[0,0],"114":[0,0],"115":[0,0],"116":[0,0],"117":[0,0],"118":[0,0],"119":[0,0],"120":[0,0],"121":[0,0],"122":[0,0],"123":[0,0],"124":[0,0],"125":[0,0],"126":[0,0],"127":[0,0],"128":[0,0],"129":[0,0],"130":[0,0],"131":[0,0],"132":[0,0],"133":[0,0],"134":[0,0],"135":[0,0],"136":[0,0],"137":[0,0],"138":[0,0],"139":[0,0],"140":[0,0],"141":[0,0,0],"142":[3,0],"143":[0,3],"144":[0,3],"145":[0,3],"146":[0,3],"147":[3,3],"148":[3,0],"149":[3,0],"150":[3,0],"151":[3,0],"152":[3,0]},"_coverageSchema":"1a1c01bbd47fc00a2c39e90264f33305004495a9","hash":"5c158adbccabca2df5bb68409f56af5fda0b7f75"}
,"/Users/javier/Desktop/React/hogar-ancianos/src/App.js": {"path":"/Users/javier/Desktop/React/hogar-ancianos/src/App.js","statementMap":{"0":{"start":{"line":4,"column":2},"end":{"line":6,"column":4}}},"fnMap":{"0":{"name":"App","decl":{"start":{"line":3,"column":9},"end":{"line":3,"column":12}},"loc":{"start":{"line":3,"column":15},"end":{"line":7,"column":1}},"line":3}},"branchMap":{},"s":{"0":3},"f":{"0":3},"b":{},"_coverageSchema":"1a1c01bbd47fc00a2c39e90264f33305004495a9","hash":"447d187d2cc73d0d3f260fb92d41890b572d4060"}
,"/Users/javier/Desktop/React/hogar-ancianos/src/setupTest.js": {"path":"/Users/javier/Desktop/React/hogar-ancianos/src/setupTest.js","statementMap":{},"fnMap":{},"branchMap":{},"s":{},"f":{},"b":{}}
}
