TN:
SF:src/AdminPanel.js
FN:5,(anonymous_0)
FN:19,(anonymous_1)
FN:29,(anonymous_2)
FN:38,(anonymous_3)
FN:56,(anonymous_4)
FN:68,(anonymous_5)
FN:82,(anonymous_6)
FN:103,(anonymous_7)
FN:125,(anonymous_8)
FN:142,(anonymous_9)
FN:148,(anonymous_10)
FN:165,(anonymous_11)
FN:196,(anonymous_12)
FN:207,(anonymous_13)
FN:231,(anonymous_14)
FN:242,(anonymous_15)
FN:253,(anonymous_16)
FN:263,(anonymous_17)
FN:286,(anonymous_18)
FN:300,(anonymous_19)
FN:314,(anonymous_20)
FN:335,(anonymous_21)
FN:358,(anonymous_22)
FN:364,(anonymous_23)
FN:369,(anonymous_24)
FN:393,(anonymous_25)
FN:400,(anonymous_26)
FN:415,(anonymous_27)
FN:445,(anonymous_28)
FN:456,(anonymous_29)
FN:467,(anonymous_30)
FN:487,(anonymous_31)
FN:498,(anonymous_32)
FN:509,(anonymous_33)
FN:524,(anonymous_34)
FN:558,(anonymous_35)
FN:573,(anonymous_36)
FN:583,(anonymous_37)
FN:585,(anonymous_38)
FN:603,(anonymous_39)
FN:616,(anonymous_40)
FN:621,(anonymous_41)
FN:637,(anonymous_42)
FN:643,(anonymous_43)
FN:659,(anonymous_44)
FN:669,(anonymous_45)
FN:698,(anonymous_46)
FN:701,(anonymous_47)
FN:715,(anonymous_48)
FN:728,(anonymous_49)
FN:739,(anonymous_50)
FN:752,(anonymous_51)
FN:764,(anonymous_52)
FN:785,(anonymous_53)
FN:788,(anonymous_54)
FN:790,(anonymous_55)
FN:791,(anonymous_56)
FN:829,(anonymous_57)
FN:839,(anonymous_58)
FN:848,(anonymous_59)
FN:858,(anonymous_60)
FN:869,(anonymous_61)
FN:871,(anonymous_62)
FN:889,(anonymous_63)
FN:898,(anonymous_64)
FN:909,(anonymous_65)
FN:914,(anonymous_66)
FN:925,(anonymous_67)
FN:930,(anonymous_68)
FN:941,(anonymous_69)
FN:946,(anonymous_70)
FN:957,(anonymous_71)
FN:962,(anonymous_72)
FN:966,(anonymous_73)
FN:969,(anonymous_74)
FN:981,(anonymous_75)
FN:1015,(anonymous_76)
FN:1021,(anonymous_77)
FN:1026,(anonymous_78)
FN:1044,(anonymous_79)
FN:1058,(anonymous_80)
FN:1077,(anonymous_81)
FN:1084,(anonymous_82)
FN:1090,(anonymous_83)
FN:1104,(anonymous_84)
FN:1114,(anonymous_85)
FN:1133,(anonymous_86)
FN:1139,(anonymous_87)
FN:1146,(anonymous_88)
FN:1160,(anonymous_89)
FN:1170,(anonymous_90)
FN:1188,(anonymous_91)
FN:1194,(anonymous_92)
FN:1199,(anonymous_93)
FN:1222,(anonymous_94)
FN:1232,(anonymous_95)
FN:1248,(anonymous_96)
FN:1258,(anonymous_97)
FN:1286,(anonymous_98)
FN:1287,(anonymous_99)
FN:1299,(anonymous_100)
FN:1323,(anonymous_101)
FN:1334,(anonymous_102)
FN:1345,(anonymous_103)
FN:1357,(anonymous_104)
FN:1368,(anonymous_105)
FNF:106
FNH:2
FNDA:0,(anonymous_0)
FNDA:3,(anonymous_1)
FNDA:3,(anonymous_2)
FNDA:0,(anonymous_3)
FNDA:0,(anonymous_4)
FNDA:0,(anonymous_5)
FNDA:0,(anonymous_6)
FNDA:0,(anonymous_7)
FNDA:0,(anonymous_8)
FNDA:0,(anonymous_9)
FNDA:0,(anonymous_10)
FNDA:0,(anonymous_11)
FNDA:0,(anonymous_12)
FNDA:0,(anonymous_13)
FNDA:0,(anonymous_14)
FNDA:0,(anonymous_15)
FNDA:0,(anonymous_16)
FNDA:0,(anonymous_17)
FNDA:0,(anonymous_18)
FNDA:0,(anonymous_19)
FNDA:0,(anonymous_20)
FNDA:0,(anonymous_21)
FNDA:0,(anonymous_22)
FNDA:0,(anonymous_23)
FNDA:0,(anonymous_24)
FNDA:0,(anonymous_25)
FNDA:0,(anonymous_26)
FNDA:0,(anonymous_27)
FNDA:0,(anonymous_28)
FNDA:0,(anonymous_29)
FNDA:0,(anonymous_30)
FNDA:0,(anonymous_31)
FNDA:0,(anonymous_32)
FNDA:0,(anonymous_33)
FNDA:0,(anonymous_34)
FNDA:0,(anonymous_35)
FNDA:0,(anonymous_36)
FNDA:0,(anonymous_37)
FNDA:0,(anonymous_38)
FNDA:0,(anonymous_39)
FNDA:0,(anonymous_40)
FNDA:0,(anonymous_41)
FNDA:0,(anonymous_42)
FNDA:0,(anonymous_43)
FNDA:0,(anonymous_44)
FNDA:0,(anonymous_45)
FNDA:0,(anonymous_46)
FNDA:0,(anonymous_47)
FNDA:0,(anonymous_48)
FNDA:0,(anonymous_49)
FNDA:0,(anonymous_50)
FNDA:0,(anonymous_51)
FNDA:0,(anonymous_52)
FNDA:0,(anonymous_53)
FNDA:0,(anonymous_54)
FNDA:0,(anonymous_55)
FNDA:0,(anonymous_56)
FNDA:0,(anonymous_57)
FNDA:0,(anonymous_58)
FNDA:0,(anonymous_59)
FNDA:0,(anonymous_60)
FNDA:0,(anonymous_61)
FNDA:0,(anonymous_62)
FNDA:0,(anonymous_63)
FNDA:0,(anonymous_64)
FNDA:0,(anonymous_65)
FNDA:0,(anonymous_66)
FNDA:0,(anonymous_67)
FNDA:0,(anonymous_68)
FNDA:0,(anonymous_69)
FNDA:0,(anonymous_70)
FNDA:0,(anonymous_71)
FNDA:0,(anonymous_72)
FNDA:0,(anonymous_73)
FNDA:0,(anonymous_74)
FNDA:0,(anonymous_75)
FNDA:0,(anonymous_76)
FNDA:0,(anonymous_77)
FNDA:0,(anonymous_78)
FNDA:0,(anonymous_79)
FNDA:0,(anonymous_80)
FNDA:0,(anonymous_81)
FNDA:0,(anonymous_82)
FNDA:0,(anonymous_83)
FNDA:0,(anonymous_84)
FNDA:0,(anonymous_85)
FNDA:0,(anonymous_86)
FNDA:0,(anonymous_87)
FNDA:0,(anonymous_88)
FNDA:0,(anonymous_89)
FNDA:0,(anonymous_90)
FNDA:0,(anonymous_91)
FNDA:0,(anonymous_92)
FNDA:0,(anonymous_93)
FNDA:0,(anonymous_94)
FNDA:0,(anonymous_95)
FNDA:0,(anonymous_96)
FNDA:0,(anonymous_97)
FNDA:0,(anonymous_98)
FNDA:0,(anonymous_99)
FNDA:0,(anonymous_100)
FNDA:0,(anonymous_101)
FNDA:0,(anonymous_102)
FNDA:0,(anonymous_103)
FNDA:0,(anonymous_104)
FNDA:0,(anonymous_105)
DA:5,1
DA:6,0
DA:11,0
DA:19,1
DA:20,3
DA:29,1
DA:30,3
DA:31,3
DA:32,3
DA:33,3
DA:34,3
DA:35,3
DA:36,3
DA:38,3
DA:39,0
DA:40,0
DA:41,0
DA:42,0
DA:43,0
DA:44,0
DA:45,0
DA:46,0
DA:47,0
DA:56,3
DA:57,0
DA:68,0
DA:70,0
DA:73,0
DA:76,0
DA:79,0
DA:82,0
DA:83,0
DA:84,0
DA:85,0
DA:87,0
DA:88,0
DA:89,0
DA:92,0
DA:93,0
DA:94,0
DA:95,0
DA:99,0
DA:103,0
DA:105,0
DA:107,0
DA:110,0
DA:111,0
DA:114,0
DA:115,0
DA:116,0
DA:117,0
DA:118,0
DA:122,0
DA:125,0
DA:126,0
DA:127,0
DA:129,0
DA:130,0
DA:131,0
DA:140,0
DA:141,0
DA:142,0
DA:144,0
DA:148,0
DA:149,0
DA:150,0
DA:151,0
DA:152,0
DA:153,0
DA:154,0
DA:155,0
DA:156,0
DA:158,0
DA:159,0
DA:160,0
DA:161,0
DA:165,0
DA:166,0
DA:168,0
DA:171,0
DA:172,0
DA:175,0
DA:178,0
DA:196,0
DA:207,0
DA:231,0
DA:242,0
DA:253,0
DA:263,0
DA:286,3
DA:287,0
DA:295,0
DA:296,0
DA:297,0
DA:300,0
DA:302,0
DA:305,0
DA:308,0
DA:311,0
DA:314,0
DA:315,0
DA:316,0
DA:317,0
DA:319,0
DA:320,0
DA:321,0
DA:324,0
DA:325,0
DA:326,0
DA:327,0
DA:331,0
DA:335,0
DA:337,0
DA:339,0
DA:342,0
DA:343,0
DA:346,0
DA:347,0
DA:348,0
DA:349,0
DA:350,0
DA:354,0
DA:358,0
DA:359,0
DA:360,0
DA:364,0
DA:365,0
DA:366,0
DA:369,0
DA:370,0
DA:371,0
DA:372,0
DA:373,0
DA:374,0
DA:375,0
DA:376,0
DA:378,0
DA:379,0
DA:380,0
DA:381,0
DA:383,0
DA:384,0
DA:385,0
DA:386,0
DA:388,0
DA:390,0
DA:393,0
DA:394,0
DA:395,0
DA:397,0
DA:398,0
DA:400,0
DA:401,0
DA:404,0
DA:406,0
DA:414,0
DA:415,0
DA:417,0
DA:421,0
DA:445,0
DA:456,0
DA:468,0
DA:469,0
DA:470,0
DA:471,0
DA:473,0
DA:487,0
DA:498,0
DA:509,0
DA:525,0
DA:526,0
DA:534,0
DA:559,0
DA:574,0
DA:575,0
DA:576,0
DA:584,0
DA:585,0
DA:603,3
DA:604,0
DA:612,0
DA:613,0
DA:616,0
DA:617,0
DA:618,0
DA:621,0
DA:622,0
DA:623,0
DA:624,0
DA:625,0
DA:626,0
DA:627,0
DA:628,0
DA:629,0
DA:630,0
DA:631,0
DA:634,0
DA:637,0
DA:638,0
DA:639,0
DA:641,0
DA:643,0
DA:645,0
DA:646,0
DA:647,0
DA:651,0
DA:659,0
DA:660,0
DA:668,0
DA:669,0
DA:671,0
DA:675,0
DA:698,0
DA:702,0
DA:715,0
DA:728,0
DA:739,0
DA:752,0
DA:764,0
DA:785,0
DA:788,0
DA:790,0
DA:792,0
DA:829,3
DA:830,0
DA:840,0
DA:849,0
DA:850,0
DA:859,0
DA:860,0
DA:861,0
DA:870,0
DA:871,0
DA:889,3
DA:890,0
DA:891,0
DA:892,0
DA:893,0
DA:895,0
DA:898,0
DA:899,0
DA:900,0
DA:901,0
DA:904,0
DA:908,0
DA:909,0
DA:910,0
DA:914,0
DA:915,0
DA:916,0
DA:917,0
DA:920,0
DA:924,0
DA:925,0
DA:926,0
DA:930,0
DA:931,0
DA:932,0
DA:933,0
DA:936,0
DA:940,0
DA:941,0
DA:942,0
DA:946,0
DA:947,0
DA:948,0
DA:949,0
DA:952,0
DA:956,0
DA:957,0
DA:958,0
DA:962,0
DA:963,0
DA:964,0
DA:966,0
DA:968,0
DA:969,0
DA:973,0
DA:981,0
DA:1015,0
DA:1021,0
DA:1026,0
DA:1045,0
DA:1058,0
DA:1077,0
DA:1084,0
DA:1090,0
DA:1105,0
DA:1114,0
DA:1133,0
DA:1139,0
DA:1146,0
DA:1161,0
DA:1170,0
DA:1188,0
DA:1194,0
DA:1199,0
DA:1222,0
DA:1233,0
DA:1249,0
DA:1258,0
DA:1287,0
DA:1289,0
DA:1290,0
DA:1292,0
DA:1295,0
DA:1300,0
DA:1316,3
DA:1324,0
DA:1325,0
DA:1326,0
DA:1335,0
DA:1336,0
DA:1337,0
DA:1346,0
DA:1347,0
DA:1348,0
DA:1358,0
DA:1359,0
DA:1360,0
DA:1369,0
DA:1370,0
DA:1371,0
LF:323
LH:18
BRDA:40,0,0,0
BRDA:40,0,1,0
BRDA:41,1,0,0
BRDA:41,1,1,0
BRDA:42,2,0,0
BRDA:42,2,1,0
BRDA:43,3,0,0
BRDA:43,3,1,0
BRDA:44,4,0,0
BRDA:44,4,1,0
BRDA:45,5,0,0
BRDA:45,5,1,0
BRDA:46,6,0,0
BRDA:46,6,1,0
BRDA:79,7,0,0
BRDA:79,7,1,0
BRDA:89,8,0,0
BRDA:89,8,1,0
BRDA:93,9,0,0
BRDA:93,9,1,0
BRDA:94,10,0,0
BRDA:94,10,1,0
BRDA:107,11,0,0
BRDA:107,11,1,0
BRDA:117,12,0,0
BRDA:117,12,1,0
BRDA:117,13,0,0
BRDA:117,13,1,0
BRDA:129,14,0,0
BRDA:129,14,1,0
BRDA:150,15,0,0
BRDA:150,15,1,0
BRDA:151,16,0,0
BRDA:151,16,1,0
BRDA:152,17,0,0
BRDA:152,17,1,0
BRDA:153,18,0,0
BRDA:153,18,1,0
BRDA:155,19,0,0
BRDA:155,19,1,0
BRDA:158,20,0,0
BRDA:158,20,1,0
BRDA:159,21,0,0
BRDA:159,21,1,0
BRDA:160,22,0,0
BRDA:160,22,1,0
BRDA:171,23,0,0
BRDA:171,23,1,0
BRDA:182,24,0,0
BRDA:182,24,1,0
BRDA:194,25,0,0
BRDA:194,25,1,0
BRDA:198,26,0,0
BRDA:198,26,1,0
BRDA:205,27,0,0
BRDA:205,27,1,0
BRDA:209,28,0,0
BRDA:209,28,1,0
BRDA:216,29,0,0
BRDA:216,29,1,0
BRDA:222,30,0,0
BRDA:222,30,1,0
BRDA:229,31,0,0
BRDA:229,31,1,0
BRDA:233,32,0,0
BRDA:233,32,1,0
BRDA:240,33,0,0
BRDA:240,33,1,0
BRDA:244,34,0,0
BRDA:244,34,1,0
BRDA:251,35,0,0
BRDA:251,35,1,0
BRDA:255,36,0,0
BRDA:255,36,1,0
BRDA:261,37,0,0
BRDA:261,37,1,0
BRDA:270,38,0,0
BRDA:270,38,1,0
BRDA:311,39,0,0
BRDA:311,39,1,0
BRDA:321,40,0,0
BRDA:321,40,1,0
BRDA:325,41,0,0
BRDA:325,41,1,0
BRDA:326,42,0,0
BRDA:326,42,1,0
BRDA:339,43,0,0
BRDA:339,43,1,0
BRDA:349,44,0,0
BRDA:349,44,1,0
BRDA:349,45,0,0
BRDA:349,45,1,0
BRDA:371,46,0,0
BRDA:371,46,1,0
BRDA:372,47,0,0
BRDA:372,47,1,0
BRDA:373,48,0,0
BRDA:373,48,1,0
BRDA:375,49,0,0
BRDA:375,49,1,0
BRDA:378,50,0,0
BRDA:378,50,1,0
BRDA:380,51,0,0
BRDA:380,51,1,0
BRDA:383,52,0,0
BRDA:383,52,1,0
BRDA:385,53,0,0
BRDA:385,53,1,0
BRDA:388,54,0,0
BRDA:388,54,1,0
BRDA:397,55,0,0
BRDA:397,55,1,0
BRDA:398,56,0,0
BRDA:398,56,1,0
BRDA:400,57,0,0
BRDA:400,57,1,0
BRDA:428,58,0,0
BRDA:428,58,1,0
BRDA:431,59,0,0
BRDA:431,59,1,0
BRDA:433,60,0,0
BRDA:433,60,1,0
BRDA:443,61,0,0
BRDA:443,61,1,0
BRDA:447,62,0,0
BRDA:447,62,1,0
BRDA:454,63,0,0
BRDA:454,63,1,0
BRDA:458,64,0,0
BRDA:458,64,1,0
BRDA:465,65,0,0
BRDA:465,65,1,0
BRDA:470,66,0,0
BRDA:470,66,1,0
BRDA:478,67,0,0
BRDA:478,67,1,0
BRDA:485,68,0,0
BRDA:485,68,1,0
BRDA:489,69,0,0
BRDA:489,69,1,0
BRDA:496,70,0,0
BRDA:496,70,1,0
BRDA:501,71,0,0
BRDA:501,71,1,0
BRDA:507,72,0,0
BRDA:507,72,1,0
BRDA:516,73,0,0
BRDA:516,73,1,0
BRDA:521,74,0,0
BRDA:521,74,1,0
BRDA:545,75,0,0
BRDA:545,75,1,0
BRDA:555,76,0,0
BRDA:555,76,1,0
BRDA:584,77,0,0
BRDA:584,77,1,0
BRDA:623,78,0,0
BRDA:623,78,1,0
BRDA:624,79,0,0
BRDA:624,79,1,0
BRDA:625,80,0,0
BRDA:625,80,1,0
BRDA:626,81,0,0
BRDA:626,81,1,0
BRDA:627,82,0,0
BRDA:627,82,1,0
BRDA:628,83,0,0
BRDA:628,83,1,0
BRDA:630,84,0,0
BRDA:630,84,1,0
BRDA:641,85,0,0
BRDA:641,85,1,0
BRDA:645,86,0,0
BRDA:645,86,1,0
BRDA:654,87,0,0
BRDA:654,87,1,0
BRDA:659,88,0,0
BRDA:659,88,1,0
BRDA:679,89,0,0
BRDA:679,89,1,0
BRDA:696,90,0,0
BRDA:696,90,1,0
BRDA:707,91,0,0
BRDA:707,91,1,0
BRDA:726,92,0,0
BRDA:726,92,1,0
BRDA:730,93,0,0
BRDA:730,93,1,0
BRDA:737,94,0,0
BRDA:737,94,1,0
BRDA:741,95,0,0
BRDA:741,95,1,0
BRDA:744,96,0,0
BRDA:744,96,1,0
BRDA:750,97,0,0
BRDA:750,97,1,0
BRDA:755,98,0,0
BRDA:755,98,1,0
BRDA:762,99,0,0
BRDA:762,99,1,0
BRDA:767,100,0,0
BRDA:767,100,1,0
BRDA:777,101,0,0
BRDA:777,101,1,0
BRDA:782,102,0,0
BRDA:782,102,1,0
BRDA:785,103,0,0
BRDA:785,103,1,0
BRDA:795,104,0,0
BRDA:795,104,1,0
BRDA:801,105,0,0
BRDA:801,105,1,0
BRDA:806,106,0,0
BRDA:806,106,1,0
BRDA:833,107,0,0
BRDA:833,107,1,0
BRDA:870,108,0,0
BRDA:870,108,1,0
BRDA:895,109,0,0
BRDA:895,109,1,0
BRDA:899,110,0,0
BRDA:899,110,1,0
BRDA:899,111,0,0
BRDA:899,111,1,0
BRDA:899,111,2,0
BRDA:906,112,0,0
BRDA:906,112,1,0
BRDA:909,113,0,0
BRDA:909,113,1,0
BRDA:915,114,0,0
BRDA:915,114,1,0
BRDA:915,115,0,0
BRDA:915,115,1,0
BRDA:922,116,0,0
BRDA:922,116,1,0
BRDA:925,117,0,0
BRDA:925,117,1,0
BRDA:931,118,0,0
BRDA:931,118,1,0
BRDA:931,119,0,0
BRDA:931,119,1,0
BRDA:938,120,0,0
BRDA:938,120,1,0
BRDA:941,121,0,0
BRDA:941,121,1,0
BRDA:947,122,0,0
BRDA:947,122,1,0
BRDA:947,123,0,0
BRDA:947,123,1,0
BRDA:954,124,0,0
BRDA:954,124,1,0
BRDA:957,125,0,0
BRDA:957,125,1,0
BRDA:963,126,0,0
BRDA:963,126,1,0
BRDA:969,127,0,0
BRDA:969,127,1,0
BRDA:1041,128,0,0
BRDA:1041,128,1,0
BRDA:1041,129,0,0
BRDA:1041,129,1,0
BRDA:1050,130,0,0
BRDA:1050,130,1,0
BRDA:1051,131,0,0
BRDA:1051,131,1,0
BRDA:1101,132,0,0
BRDA:1101,132,1,0
BRDA:1101,133,0,0
BRDA:1101,133,1,0
BRDA:1109,134,0,0
BRDA:1109,134,1,0
BRDA:1157,135,0,0
BRDA:1157,135,1,0
BRDA:1157,136,0,0
BRDA:1157,136,1,0
BRDA:1164,137,0,0
BRDA:1164,137,1,0
BRDA:1217,138,0,0
BRDA:1217,138,1,0
BRDA:1228,139,0,0
BRDA:1228,139,1,0
BRDA:1228,140,0,0
BRDA:1228,140,1,0
BRDA:1274,141,0,0
BRDA:1274,141,1,0
BRDA:1274,141,2,0
BRDA:1328,142,0,3
BRDA:1328,142,1,0
BRDA:1339,143,0,0
BRDA:1339,143,1,3
BRDA:1350,144,0,0
BRDA:1350,144,1,3
BRDA:1362,145,0,0
BRDA:1362,145,1,3
BRDA:1373,146,0,0
BRDA:1373,146,1,3
BRDA:1383,147,0,3
BRDA:1383,147,1,3
BRDA:1384,148,0,3
BRDA:1384,148,1,0
BRDA:1385,149,0,3
BRDA:1385,149,1,0
BRDA:1386,150,0,3
BRDA:1386,150,1,0
BRDA:1387,151,0,3
BRDA:1387,151,1,0
BRDA:1388,152,0,3
BRDA:1388,152,1,0
BRF:308
BRH:12
end_of_record
TN:
SF:src/App.js
FN:3,App
FNF:1
FNH:1
FNDA:3,App
DA:4,3
LF:1
LH:1
BRF:0
BRH:0
end_of_record
TN:
SF:src/setupTest.js
FNF:0
FNH:0
LF:0
LH:0
BRF:0
BRH:0
end_of_record
